<testsuites>
	<testsuite id="1" tests="3" failures="0" package="/home/travis/build/jpmorganchase/quorum-acceptance-tests/src/specs/01_basic/externally_signed_public_raw_smart_contract_single.spec" time="7.937" timestamp="2019-06-11T17:26:25" name="Public raw smart contract when signed externally" errors="0" hostname="travis-job-5720e3f8-90e4-4a42-aa63-04631f7cc393">
		<properties></properties>
		<testcase classname="Public raw smart contract when signed externally" name="Contract is deployed and mined" time="3.652"></testcase>
		<testcase classname="Public raw smart contract when signed externally" name="Everyone in the network has the same state for the contract" time="0.324"></testcase>
		<testcase classname="Public raw smart contract when signed externally" name="When there&#39;s an update, every node is updated" time="3.961"></testcase>
		<system-out></system-out>
		<system-err></system-err>
	</testsuite>
	<testsuite id="2" tests="2" failures="0" package="/home/travis/build/jpmorganchase/quorum-acceptance-tests/src/specs/01_basic/private_smart_contract_async.spec" time="23.776" timestamp="2019-06-11T17:26:25" name="Sending private smart contract asynchronously" errors="0" hostname="travis-job-5720e3f8-90e4-4a42-aa63-04631f7cc393">
		<properties></properties>
		<testcase classname="Sending private smart contract asynchronously" name="Contract is successfully mined with valid account" time="22.687"></testcase>
		<testcase classname="Sending private smart contract asynchronously" name="Contract is not mined with non-existed account" time="1.089"></testcase>
		<system-out></system-out>
		<system-err></system-err>
	</testsuite>
	<testsuite id="3" tests="1" failures="0" package="/home/travis/build/jpmorganchase/quorum-acceptance-tests/src/specs/01_basic/private_smart_contract_multiple.spec" time="7.975" timestamp="2019-06-11T17:26:25" name="Multiple private smart contracts" errors="0" hostname="travis-job-5720e3f8-90e4-4a42-aa63-04631f7cc393">
		<properties></properties>
		<testcase classname="Multiple private smart contracts" name="Contracts are mined" time="7.975"></testcase>
		<system-out></system-out>
		<system-err></system-err>
	</testsuite>
	<testsuite id="4" tests="1" failures="0" package="/home/travis/build/jpmorganchase/quorum-acceptance-tests/src/specs/01_basic/private_smart_contract_spam.spec" time="8.040" timestamp="2019-06-11T17:26:25" name="Multiple private smart contracts between nodes" errors="0" hostname="travis-job-5720e3f8-90e4-4a42-aa63-04631f7cc393">
		<properties></properties>
		<testcase classname="Multiple private smart contracts between nodes" name="Send transactions from one node to others" time="8.040"></testcase>
		<system-out></system-out>
		<system-err></system-err>
	</testsuite>
	<testsuite id="5" tests="4" failures="0" package="/home/travis/build/jpmorganchase/quorum-acceptance-tests/src/specs/01_basic/smart_contract_dual_state.spec" time="54.127" timestamp="2019-06-11T17:26:25" name="Dual state implementation when peforming function calls from one smart contract to another" errors="0" hostname="travis-job-5720e3f8-90e4-4a42-aa63-04631f7cc393">
		<properties></properties>
		<testcase classname="Dual state implementation when peforming function calls from one smart contract to another" name="Function calls between all public smart contracts: public -&gt; public -&gt; public" time="13.551"></testcase>
		<testcase classname="Dual state implementation when peforming function calls from one smart contract to another" name="Function calls between all private smart contracts: private -&gt; private -&gt; private" time="13.543"></testcase>
		<testcase classname="Dual state implementation when peforming function calls from one smart contract to another" name="Function calls from a private smart contract to public smart contracts: private -&gt; public -&gt; public" time="13.527"></testcase>
		<testcase classname="Dual state implementation when peforming function calls from one smart contract to another" name="Function calls from a public smart contract to private smart contracts: public -&gt; private -&gt; private" time="13.506"></testcase>
		<system-out></system-out>
		<system-err></system-err>
	</testsuite>
	<testsuite id="6" tests="2" failures="0" package="/home/travis/build/jpmorganchase/quorum-acceptance-tests/src/specs/01_basic/value_transfer_private_transactions.spec" time="0.489" timestamp="2019-06-11T17:26:25" name="Value transfer in private transactions" errors="0" hostname="travis-job-5720e3f8-90e4-4a42-aa63-04631f7cc393">
		<properties></properties>
		<testcase classname="Value transfer in private transactions" name="Unsuccessful private transaction submission" time="0.173"></testcase>
		<testcase classname="Value transfer in private transactions" name="Unsuccessful signed private transaction submission" time="0.316"></testcase>
		<system-out></system-out>
		<system-err></system-err>
	</testsuite>
	<testsuite id="7" tests="1" failures="0" package="/home/travis/build/jpmorganchase/quorum-acceptance-tests/src/specs/01_basic/istanbul_fault_tolerance.spec" time="13.624" timestamp="2019-06-11T17:26:25" name="Istanbul fault tolerance and recoverability" errors="0" hostname="travis-job-5720e3f8-90e4-4a42-aa63-04631f7cc393">
		<properties></properties>
		<testcase classname="Istanbul fault tolerance and recoverability" name="Modify number of validators from less than 2F + 1 to more than 2F + 1" time="13.624"></testcase>
		<system-out></system-out>
		<system-err></system-err>
	</testsuite>
	<testsuite id="8" tests="2" failures="0" package="/home/travis/build/jpmorganchase/quorum-acceptance-tests/src/specs/01_basic/private_smart_contract_event.spec" time="15.105" timestamp="2019-06-11T17:26:25" name="Private smart contract with event" errors="0" hostname="travis-job-5720e3f8-90e4-4a42-aa63-04631f7cc393">
		<properties></properties>
		<testcase classname="Private smart contract with event" name="Log events in total are **only** captured in participated parties when executing the contract" time="5.176"></testcase>
		<testcase classname="Private smart contract with event" name="Log events in the state are **only** captured in participated parties when executing the contract" time="9.929"></testcase>
		<system-out></system-out>
		<system-err></system-err>
	</testsuite>
	<testsuite id="9" tests="5" failures="0" package="/home/travis/build/jpmorganchase/quorum-acceptance-tests/src/specs/01_basic/externally_signed_private_raw_smart_contract_single.spec" time="24.195" timestamp="2019-06-11T17:26:25" name="Private raw smart contract when signed externally" errors="0" hostname="travis-job-5720e3f8-90e4-4a42-aa63-04631f7cc393">
		<properties></properties>
		<testcase classname="Private raw smart contract when signed externally" name="Contract is mined" time="4.338"></testcase>
		<testcase classname="Private raw smart contract when signed externally" name="Storage Root storing private smart contracts must be the same" time="3.819"></testcase>
		<testcase classname="Private raw smart contract when signed externally" name="Transaction payload is secured" time="4.016"></testcase>
		<testcase classname="Private raw smart contract when signed externally" name="Privacy is enforced between parties" time="4.225"></testcase>
		<testcase classname="Private raw smart contract when signed externally" name="When there&#39;s an update, privacy is still enforced" time="7.797"></testcase>
		<system-out></system-out>
		<system-err></system-err>
	</testsuite>
	<testsuite id="10" tests="1" failures="0" package="/home/travis/build/jpmorganchase/quorum-acceptance-tests/src/specs/01_basic/private_smart_contract_state_manipulation.spec" time="0.000" timestamp="2019-06-11T17:26:25" name="State manipulation in private smart contract" errors="0" skipped="1" hostname="travis-job-5720e3f8-90e4-4a42-aa63-04631f7cc393">
		<properties></properties>
		<testcase classname="State manipulation in private smart contract" name="Private state is maintained" time="0.000">
			<skipped message="/home/travis/build/jpmorganchase/quorum-acceptance-tests/src/specs/01_basic/private_smart_contract_state_manipulation.spec:27 Step implementation not found =&gt; &#39;Note: this step is not implemented indicating that the spec execution is temporarily skipped&#39;"></skipped>
		</testcase>
		<system-out></system-out>
		<system-err>Validation failed, 1 Scenarios were skipped.</system-err>
	</testsuite>
	<testsuite id="11" tests="2" failures="0" package="/home/travis/build/jpmorganchase/quorum-acceptance-tests/src/specs/02_advanced/transactions_for_block_height.spec" time="308.484" timestamp="2019-06-11T17:26:25" name="Transactions for different block heights" errors="0" hostname="travis-job-5720e3f8-90e4-4a42-aa63-04631f7cc393">
		<properties></properties>
		<testcase classname="Transactions for different block heights" name="Private smart contracts for Istanbul consensus" time="152.967"></testcase>
		<testcase classname="Transactions for different block heights" name="Public smart contracts for Istanbul consensus" time="155.517"></testcase>
		<system-out></system-out>
		<system-err></system-err>
	</testsuite>
	<testsuite id="12" tests="3" failures="0" package="/home/travis/build/jpmorganchase/quorum-acceptance-tests/src/specs/01_basic/estimate_gas.spec" time="7.693" timestamp="2019-06-11T17:26:25" name="Estimate gas required for transactions and contracts" errors="0" hostname="travis-job-5720e3f8-90e4-4a42-aa63-04631f7cc393">
		<properties></properties>
		<testcase classname="Estimate gas required for transactions and contracts" name="Estimate gas required for public transaction" time="2.758"></testcase>
		<testcase classname="Estimate gas required for transactions and contracts" name="Estimate gas required to create public smart contract" time="2.592"></testcase>
		<testcase classname="Estimate gas required for transactions and contracts" name="Estimate gas required to call a public smart contract" time="2.343"></testcase>
		<system-out></system-out>
		<system-err></system-err>
	</testsuite>
	<testsuite id="13" tests="2" failures="0" package="/home/travis/build/jpmorganchase/quorum-acceptance-tests/src/specs/01_basic/estimate_gas_private.spec" time="7.082" timestamp="2019-06-11T17:26:25" name="Estimate gas required for transactions and contracts" errors="0" hostname="travis-job-5720e3f8-90e4-4a42-aa63-04631f7cc393">
		<properties></properties>
		<testcase classname="Estimate gas required for transactions and contracts" name="Estimate gas required to create private smart contract" time="2.554"></testcase>
		<testcase classname="Estimate gas required for transactions and contracts" name="Estimate gas required to call a private smart contract" time="4.528"></testcase>
		<system-out></system-out>
		<system-err></system-err>
	</testsuite>
	<testsuite id="14" tests="5" failures="0" package="/home/travis/build/jpmorganchase/quorum-acceptance-tests/src/specs/01_basic/private_smart_contract_single.spec" time="14.145" timestamp="2019-06-11T17:26:25" name="Single private smart contract" errors="0" hostname="travis-job-5720e3f8-90e4-4a42-aa63-04631f7cc393">
		<properties></properties>
		<testcase classname="Single private smart contract" name="Contract is mined" time="2.376"></testcase>
		<testcase classname="Single private smart contract" name="Storage Root storing private smart contracts must be the same" time="2.225"></testcase>
		<testcase classname="Single private smart contract" name="Transaction payload is secured" time="2.500"></testcase>
		<testcase classname="Single private smart contract" name="Privacy is enforced between parties" time="2.439"></testcase>
		<testcase classname="Single private smart contract" name="When there&#39;s an update, privacy is still enforced" time="4.605"></testcase>
		<system-out></system-out>
		<system-err></system-err>
	</testsuite>
	<testsuite id="15" tests="1" failures="0" package="/home/travis/build/jpmorganchase/quorum-acceptance-tests/src/specs/01_basic/public_smart_contract_event.spec" time="5.061" timestamp="2019-06-11T17:26:25" name="Public smart contract with event" errors="0" hostname="travis-job-5720e3f8-90e4-4a42-aa63-04631f7cc393">
		<properties></properties>
		<testcase classname="Public smart contract with event" name="Log events in total are captured when executing the contract" time="5.061"></testcase>
		<system-out></system-out>
		<system-err></system-err>
	</testsuite>
	<testsuite id="16" tests="2" failures="0" package="/home/travis/build/jpmorganchase/quorum-acceptance-tests/src/specs/01_basic/value_transfer_public_transactions.spec" time="5.256" timestamp="2019-06-11T17:26:25" name="Value transfer in public transactions" errors="0" hostname="travis-job-5720e3f8-90e4-4a42-aa63-04631f7cc393">
		<properties></properties>
		<testcase classname="Value transfer in public transactions" name="Successful public transaction submission" time="2.614"></testcase>
		<testcase classname="Value transfer in public transactions" name="Successful signed public transaction submission" time="2.642"></testcase>
		<system-out></system-out>
		<system-err></system-err>
	</testsuite>
</testsuites>