<testsuites>
	<testsuite id="1" tests="5" failures="0" package="/home/travis/build/jpmorganchase/quorum-acceptance-tests/src/specs/01_basic/private_smart_contract_single.spec" time="3.912" timestamp="2018-12-18T15:51:07" name="Single private smart contract" errors="0" hostname="travis-job-785b9959-5d14-4c67-a485-f488a2982332">
		<properties></properties>
		<testcase classname="Single private smart contract" name="Contract is mined" time="0.329"></testcase>
		<testcase classname="Single private smart contract" name="Storage Root storing private smart contracts must be the same" time="0.185"></testcase>
		<testcase classname="Single private smart contract" name="Transaction payload is secured" time="0.449"></testcase>
		<testcase classname="Single private smart contract" name="Privacy is enforced between parties" time="2.449"></testcase>
		<testcase classname="Single private smart contract" name="When there&#39;s an update, privacy is still enforced" time="0.500"></testcase>
		<system-out></system-out>
		<system-err></system-err>
	</testsuite>
	<testsuite id="2" tests="1" failures="0" package="/home/travis/build/jpmorganchase/quorum-acceptance-tests/src/specs/01_basic/private_smart_contract_spam.spec" time="8.021" timestamp="2018-12-18T15:51:07" name="Multiple private smart contracts between nodes" errors="0" hostname="travis-job-785b9959-5d14-4c67-a485-f488a2982332">
		<properties></properties>
		<testcase classname="Multiple private smart contracts between nodes" name="Send transactions from one node to others" time="8.021"></testcase>
		<system-out></system-out>
		<system-err></system-err>
	</testsuite>
	<testsuite id="3" tests="2" failures="0" package="/home/travis/build/jpmorganchase/quorum-acceptance-tests/src/specs/01_basic/value_transfer_private_transactions.spec" time="0.527" timestamp="2018-12-18T15:51:07" name="Value transfer in private transactions" errors="0" hostname="travis-job-785b9959-5d14-4c67-a485-f488a2982332">
		<properties></properties>
		<testcase classname="Value transfer in private transactions" name="Unsuccessful private transaction submission" time="0.237"></testcase>
		<testcase classname="Value transfer in private transactions" name="Unsuccessful signed private transaction submission" time="0.290"></testcase>
		<system-out></system-out>
		<system-err></system-err>
	</testsuite>
	<testsuite id="4" tests="2" failures="0" package="/home/travis/build/jpmorganchase/quorum-acceptance-tests/src/specs/01_basic/value_transfer_public_transactions.spec" time="1.140" timestamp="2018-12-18T15:51:07" name="Value transfer in public transactions" errors="0" hostname="travis-job-785b9959-5d14-4c67-a485-f488a2982332">
		<properties></properties>
		<testcase classname="Value transfer in public transactions" name="Successful public transaction submission" time="0.569"></testcase>
		<testcase classname="Value transfer in public transactions" name="Successful signed public transaction submission" time="0.571"></testcase>
		<system-out></system-out>
		<system-err></system-err>
	</testsuite>
	<testsuite id="5" tests="1" failures="0" package="/home/travis/build/jpmorganchase/quorum-acceptance-tests/src/specs/02_advanced/transactions_for_block_height.spec" time="4.973" timestamp="2018-12-18T15:51:07" name="Transactions for different block heights" errors="0" hostname="travis-job-785b9959-5d14-4c67-a485-f488a2982332">
		<properties></properties>
		<testcase classname="Transactions for different block heights" name="Private smart contracts for Raft consensus" time="4.973"></testcase>
		<system-out></system-out>
		<system-err></system-err>
	</testsuite>
	<testsuite id="6" tests="2" failures="0" package="/home/travis/build/jpmorganchase/quorum-acceptance-tests/src/specs/01_basic/private_smart_contract_async.spec" time="2.523" timestamp="2018-12-18T15:51:07" name="Sending private smart contract asynchronously" errors="0" hostname="travis-job-785b9959-5d14-4c67-a485-f488a2982332">
		<properties></properties>
		<testcase classname="Sending private smart contract asynchronously" name="Contract is successfully mined with valid account" time="1.441"></testcase>
		<testcase classname="Sending private smart contract asynchronously" name="Contract is not mined with non-existed account" time="1.082"></testcase>
		<system-out></system-out>
		<system-err></system-err>
	</testsuite>
	<testsuite id="7" tests="2" failures="0" package="/home/travis/build/jpmorganchase/quorum-acceptance-tests/src/specs/01_basic/private_smart_contract_event.spec" time="13.604" timestamp="2018-12-18T15:51:07" name="Private smart contract with event" errors="0" hostname="travis-job-785b9959-5d14-4c67-a485-f488a2982332">
		<properties></properties>
		<testcase classname="Private smart contract with event" name="Log events in total are **only** captured in participated parties when executing the contract" time="3.466"></testcase>
		<testcase classname="Private smart contract with event" name="Log events in the state are **only** captured in participated parties when executing the contract" time="10.138"></testcase>
		<system-out></system-out>
		<system-err></system-err>
	</testsuite>
	<testsuite id="8" tests="1" failures="0" package="/home/travis/build/jpmorganchase/quorum-acceptance-tests/src/specs/01_basic/private_smart_contract_multiple.spec" time="18.023" timestamp="2018-12-18T15:51:07" name="Multiple private smart contracts" errors="0" hostname="travis-job-785b9959-5d14-4c67-a485-f488a2982332">
		<properties></properties>
		<testcase classname="Multiple private smart contracts" name="Contracts are mined" time="18.023"></testcase>
		<system-out></system-out>
		<system-err></system-err>
	</testsuite>
	<testsuite id="9" tests="7" failures="0" package="/home/travis/build/jpmorganchase/quorum-acceptance-tests/src/specs/01_basic/estimate_gas.spec" time="5.755" timestamp="2018-12-18T15:51:07" name="Estimate gas required for transactions and contracts" errors="0" hostname="travis-job-785b9959-5d14-4c67-a485-f488a2982332">
		<properties></properties>
		<testcase classname="Estimate gas required for transactions and contracts" name="Estimate gas required for public transaction" time="0.531"></testcase>
		<testcase classname="Estimate gas required for transactions and contracts" name="Deploy public smart contract, this is used for estimating the calls (we also need it so we can use the binary data in the estimateGas() acceptance tests below)" time="2.212"></testcase>
		<testcase classname="Estimate gas required for transactions and contracts" name="Estimate gas required to create public smart contract" time="0.143"></testcase>
		<testcase classname="Estimate gas required for transactions and contracts" name="Estimate gas required to call a public smart contract" time="0.157"></testcase>
		<testcase classname="Estimate gas required for transactions and contracts" name="Deploy private smart contract, this is used for estimating the calls (we also need it so we can use the binary data in the estimateGas() acceptance tests below)" time="2.428"></testcase>
		<testcase classname="Estimate gas required for transactions and contracts" name="Estimate gas required to create private smart contract" time="0.147"></testcase>
		<testcase classname="Estimate gas required for transactions and contracts" name="Estimate gas required to call a private smart contract" time="0.137"></testcase>
		<system-out></system-out>
		<system-err></system-err>
	</testsuite>
	<testsuite id="10" tests="1" failures="0" package="/home/travis/build/jpmorganchase/quorum-acceptance-tests/src/specs/01_basic/private_smart_contract_state_manipulation.spec" time="0.000" timestamp="2018-12-18T15:51:07" name="State manipulation in private smart contract" errors="0" skipped="1" hostname="travis-job-785b9959-5d14-4c67-a485-f488a2982332">
		<properties></properties>
		<testcase classname="State manipulation in private smart contract" name="Private state is maintained" time="0.000">
			<skipped message="/home/travis/build/jpmorganchase/quorum-acceptance-tests/src/specs/01_basic/private_smart_contract_state_manipulation.spec:27 Step implementation not found =&gt; &#39;Note: this step is not implemented indicating that the spec execution is temporarily skipped&#39;"></skipped>
		</testcase>
		<system-out></system-out>
		<system-err>Validation failed, 1 Scenarios were skipped.</system-err>
	</testsuite>
	<testsuite id="11" tests="1" failures="0" package="/home/travis/build/jpmorganchase/quorum-acceptance-tests/src/specs/01_basic/public_smart_contract_event.spec" time="3.275" timestamp="2018-12-18T15:51:07" name="Public smart contract with event" errors="0" hostname="travis-job-785b9959-5d14-4c67-a485-f488a2982332">
		<properties></properties>
		<testcase classname="Public smart contract with event" name="Log events in total are captured when executing the contract" time="3.275"></testcase>
		<system-out></system-out>
		<system-err></system-err>
	</testsuite>
</testsuites>