<testsuites>
	<testsuite id="1" tests="1" failures="1" package="/home/travis/build/jpmorganchase/quorum-acceptance-tests/src/specs/01_basic/public_smart_contract_event.spec" time="0.001" timestamp="2020-02-16T19:41:03" name="Public smart contract with event" errors="0" hostname="travis-job-79c52366-f7a1-4c21-8d26-1087ff0a07f7">
		<properties></properties>
		<testcase classname="Public smart contract with event" name="Log events in total are captured when executing the contract" time="0.001">
			<failure message="Log events in total are captured when executing the contract&#xA;Scenario Pre Hook Failure: &#39;java.lang.IllegalArgumentException: Can&#39;t find node Node1 in the configuration&#39;" type="Log events in total are captured when executing the contract&#xA;Scenario Pre Hook Failure: &#39;java.lang.IllegalArgumentException: Can&#39;t find node Node1 in the configuration&#39;">com.quorum.gauge.services.QuorumNodeConnectionFactory.getWeb3jService(QuorumNodeConnectionFactory.java:51)&#xA;com.quorum.gauge.services.QuorumNodeConnectionFactory.getWeb3jConnection(QuorumNodeConnectionFactory.java:45)&#xA;com.quorum.gauge.services.UtilService.getCurrentBlockNumberFrom(UtilService.java:42)&#xA;com.quorum.gauge.services.UtilService.getCurrentBlockNumber(UtilService.java:38)&#xA;com.quorum.gauge.core.ExecutionHooks.saveCurrentBlockNumber(ExecutionHooks.java:53)&#xA;jdk.internal.reflect.GeneratedMethodAccessor31.invoke(Unknown Source)&#xA;java.base/jdk.internal.reflect.DelegatingMethodAccessorImpl.invoke(DelegatingMethodAccessorImpl.java:43)&#xA;java.base/java.lang.reflect.Method.invoke(Method.java:566)&#xA;com.thoughtworks.gauge.execution.MethodExecutor.execute(MethodExecutor.java:38)&#xA;com.thoughtworks.gauge.execution.HooksExecutor$TaggedHookExecutor.executeHook(HooksExecutor.java:100)&#xA;com.thoughtworks.gauge.execution.HooksExecutor$TaggedHookExecutor.execute(HooksExecutor.java:88)&#xA;com.thoughtworks.gauge.execution.HooksExecutor.execute(HooksExecutor.java:45)&#xA;com.thoughtworks.gauge.processor.MethodExecutionMessageProcessor.executeHooks(MethodExecutionMessageProcessor.java:65)&#xA;com.thoughtworks.gauge.processor.ScenarioExecutionStartingProcessor.process(ScenarioExecutionStartingProcessor.java:34)&#xA;com.thoughtworks.gauge.connection.MessageDispatcher.dispatchMessages(MessageDispatcher.java:83)&#xA;com.thoughtworks.gauge.GaugeRuntime.dispatchMessages(GaugeRuntime.java:124)&#xA;com.thoughtworks.gauge.GaugeRuntime.lambda$connectSynchronously$1(GaugeRuntime.java:106)&#xA;java.base/java.lang.Thread.run(Thread.java:834)&#xA;</failure>
		</testcase>
		<system-out></system-out>
		<system-err></system-err>
	</testsuite>
	<testsuite id="2" tests="4" failures="4" package="/home/travis/build/jpmorganchase/quorum-acceptance-tests/src/specs/01_basic/personal_api_signed_private_raw_smart_contract_single.spec" time="0.000" timestamp="2020-02-16T19:41:03" name="Private raw smart contract when signed using the personal_signTransaction API" errors="0" hostname="travis-job-79c52366-f7a1-4c21-8d26-1087ff0a07f7">
		<properties></properties>
		<testcase classname="Private raw smart contract when signed using the personal_signTransaction API" name="Storage Root storing private smart contracts must be the same" time="0.000">
			<failure message="Storage Root storing private smart contracts must be the same&#xA;Scenario Pre Hook Failure: &#39;java.lang.IllegalArgumentException: Can&#39;t find node Node1 in the configuration&#39;" type="Storage Root storing private smart contracts must be the same&#xA;Scenario Pre Hook Failure: &#39;java.lang.IllegalArgumentException: Can&#39;t find node Node1 in the configuration&#39;">com.quorum.gauge.services.QuorumNodeConnectionFactory.getWeb3jService(QuorumNodeConnectionFactory.java:51)&#xA;com.quorum.gauge.services.QuorumNodeConnectionFactory.getWeb3jConnection(QuorumNodeConnectionFactory.java:45)&#xA;com.quorum.gauge.services.UtilService.getCurrentBlockNumberFrom(UtilService.java:42)&#xA;com.quorum.gauge.services.UtilService.getCurrentBlockNumber(UtilService.java:38)&#xA;com.quorum.gauge.core.ExecutionHooks.saveCurrentBlockNumber(ExecutionHooks.java:53)&#xA;jdk.internal.reflect.GeneratedMethodAccessor31.invoke(Unknown Source)&#xA;java.base/jdk.internal.reflect.DelegatingMethodAccessorImpl.invoke(DelegatingMethodAccessorImpl.java:43)&#xA;java.base/java.lang.reflect.Method.invoke(Method.java:566)&#xA;com.thoughtworks.gauge.execution.MethodExecutor.execute(MethodExecutor.java:38)&#xA;com.thoughtworks.gauge.execution.HooksExecutor$TaggedHookExecutor.executeHook(HooksExecutor.java:100)&#xA;com.thoughtworks.gauge.execution.HooksExecutor$TaggedHookExecutor.execute(HooksExecutor.java:88)&#xA;com.thoughtworks.gauge.execution.HooksExecutor.execute(HooksExecutor.java:45)&#xA;com.thoughtworks.gauge.processor.MethodExecutionMessageProcessor.executeHooks(MethodExecutionMessageProcessor.java:65)&#xA;com.thoughtworks.gauge.processor.ScenarioExecutionStartingProcessor.process(ScenarioExecutionStartingProcessor.java:34)&#xA;com.thoughtworks.gauge.connection.MessageDispatcher.dispatchMessages(MessageDispatcher.java:83)&#xA;com.thoughtworks.gauge.GaugeRuntime.dispatchMessages(GaugeRuntime.java:124)&#xA;com.thoughtworks.gauge.GaugeRuntime.lambda$connectSynchronously$1(GaugeRuntime.java:106)&#xA;java.base/java.lang.Thread.run(Thread.java:834)&#xA;</failure>
		</testcase>
		<testcase classname="Private raw smart contract when signed using the personal_signTransaction API" name="Transaction payload is secured" time="0.000">
			<failure message="Transaction payload is secured&#xA;Scenario Pre Hook Failure: &#39;java.lang.IllegalArgumentException: Can&#39;t find node Node1 in the configuration&#39;" type="Transaction payload is secured&#xA;Scenario Pre Hook Failure: &#39;java.lang.IllegalArgumentException: Can&#39;t find node Node1 in the configuration&#39;">com.quorum.gauge.services.QuorumNodeConnectionFactory.getWeb3jService(QuorumNodeConnectionFactory.java:51)&#xA;com.quorum.gauge.services.QuorumNodeConnectionFactory.getWeb3jConnection(QuorumNodeConnectionFactory.java:45)&#xA;com.quorum.gauge.services.UtilService.getCurrentBlockNumberFrom(UtilService.java:42)&#xA;com.quorum.gauge.services.UtilService.getCurrentBlockNumber(UtilService.java:38)&#xA;com.quorum.gauge.core.ExecutionHooks.saveCurrentBlockNumber(ExecutionHooks.java:53)&#xA;jdk.internal.reflect.GeneratedMethodAccessor31.invoke(Unknown Source)&#xA;java.base/jdk.internal.reflect.DelegatingMethodAccessorImpl.invoke(DelegatingMethodAccessorImpl.java:43)&#xA;java.base/java.lang.reflect.Method.invoke(Method.java:566)&#xA;com.thoughtworks.gauge.execution.MethodExecutor.execute(MethodExecutor.java:38)&#xA;com.thoughtworks.gauge.execution.HooksExecutor$TaggedHookExecutor.executeHook(HooksExecutor.java:100)&#xA;com.thoughtworks.gauge.execution.HooksExecutor$TaggedHookExecutor.execute(HooksExecutor.java:88)&#xA;com.thoughtworks.gauge.execution.HooksExecutor.execute(HooksExecutor.java:45)&#xA;com.thoughtworks.gauge.processor.MethodExecutionMessageProcessor.executeHooks(MethodExecutionMessageProcessor.java:65)&#xA;com.thoughtworks.gauge.processor.ScenarioExecutionStartingProcessor.process(ScenarioExecutionStartingProcessor.java:34)&#xA;com.thoughtworks.gauge.connection.MessageDispatcher.dispatchMessages(MessageDispatcher.java:83)&#xA;com.thoughtworks.gauge.GaugeRuntime.dispatchMessages(GaugeRuntime.java:124)&#xA;com.thoughtworks.gauge.GaugeRuntime.lambda$connectSynchronously$1(GaugeRuntime.java:106)&#xA;java.base/java.lang.Thread.run(Thread.java:834)&#xA;</failure>
		</testcase>
		<testcase classname="Private raw smart contract when signed using the personal_signTransaction API" name="Privacy is enforced between parties" time="0.000">
			<failure message="Privacy is enforced between parties&#xA;Scenario Pre Hook Failure: &#39;java.lang.IllegalArgumentException: Can&#39;t find node Node1 in the configuration&#39;" type="Privacy is enforced between parties&#xA;Scenario Pre Hook Failure: &#39;java.lang.IllegalArgumentException: Can&#39;t find node Node1 in the configuration&#39;">com.quorum.gauge.services.QuorumNodeConnectionFactory.getWeb3jService(QuorumNodeConnectionFactory.java:51)&#xA;com.quorum.gauge.services.QuorumNodeConnectionFactory.getWeb3jConnection(QuorumNodeConnectionFactory.java:45)&#xA;com.quorum.gauge.services.UtilService.getCurrentBlockNumberFrom(UtilService.java:42)&#xA;com.quorum.gauge.services.UtilService.getCurrentBlockNumber(UtilService.java:38)&#xA;com.quorum.gauge.core.ExecutionHooks.saveCurrentBlockNumber(ExecutionHooks.java:53)&#xA;jdk.internal.reflect.GeneratedMethodAccessor31.invoke(Unknown Source)&#xA;java.base/jdk.internal.reflect.DelegatingMethodAccessorImpl.invoke(DelegatingMethodAccessorImpl.java:43)&#xA;java.base/java.lang.reflect.Method.invoke(Method.java:566)&#xA;com.thoughtworks.gauge.execution.MethodExecutor.execute(MethodExecutor.java:38)&#xA;com.thoughtworks.gauge.execution.HooksExecutor$TaggedHookExecutor.executeHook(HooksExecutor.java:100)&#xA;com.thoughtworks.gauge.execution.HooksExecutor$TaggedHookExecutor.execute(HooksExecutor.java:88)&#xA;com.thoughtworks.gauge.execution.HooksExecutor.execute(HooksExecutor.java:45)&#xA;com.thoughtworks.gauge.processor.MethodExecutionMessageProcessor.executeHooks(MethodExecutionMessageProcessor.java:65)&#xA;com.thoughtworks.gauge.processor.ScenarioExecutionStartingProcessor.process(ScenarioExecutionStartingProcessor.java:34)&#xA;com.thoughtworks.gauge.connection.MessageDispatcher.dispatchMessages(MessageDispatcher.java:83)&#xA;com.thoughtworks.gauge.GaugeRuntime.dispatchMessages(GaugeRuntime.java:124)&#xA;com.thoughtworks.gauge.GaugeRuntime.lambda$connectSynchronously$1(GaugeRuntime.java:106)&#xA;java.base/java.lang.Thread.run(Thread.java:834)&#xA;</failure>
		</testcase>
		<testcase classname="Private raw smart contract when signed using the personal_signTransaction API" name="When there&#39;s an update, privacy is still enforced" time="0.000">
			<failure message="When there&#39;s an update, privacy is still enforced&#xA;Scenario Pre Hook Failure: &#39;java.lang.IllegalArgumentException: Can&#39;t find node Node1 in the configuration&#39;" type="When there&#39;s an update, privacy is still enforced&#xA;Scenario Pre Hook Failure: &#39;java.lang.IllegalArgumentException: Can&#39;t find node Node1 in the configuration&#39;">com.quorum.gauge.services.QuorumNodeConnectionFactory.getWeb3jService(QuorumNodeConnectionFactory.java:51)&#xA;com.quorum.gauge.services.QuorumNodeConnectionFactory.getWeb3jConnection(QuorumNodeConnectionFactory.java:45)&#xA;com.quorum.gauge.services.UtilService.getCurrentBlockNumberFrom(UtilService.java:42)&#xA;com.quorum.gauge.services.UtilService.getCurrentBlockNumber(UtilService.java:38)&#xA;com.quorum.gauge.core.ExecutionHooks.saveCurrentBlockNumber(ExecutionHooks.java:53)&#xA;jdk.internal.reflect.GeneratedMethodAccessor31.invoke(Unknown Source)&#xA;java.base/jdk.internal.reflect.DelegatingMethodAccessorImpl.invoke(DelegatingMethodAccessorImpl.java:43)&#xA;java.base/java.lang.reflect.Method.invoke(Method.java:566)&#xA;com.thoughtworks.gauge.execution.MethodExecutor.execute(MethodExecutor.java:38)&#xA;com.thoughtworks.gauge.execution.HooksExecutor$TaggedHookExecutor.executeHook(HooksExecutor.java:100)&#xA;com.thoughtworks.gauge.execution.HooksExecutor$TaggedHookExecutor.execute(HooksExecutor.java:88)&#xA;com.thoughtworks.gauge.execution.HooksExecutor.execute(HooksExecutor.java:45)&#xA;com.thoughtworks.gauge.processor.MethodExecutionMessageProcessor.executeHooks(MethodExecutionMessageProcessor.java:65)&#xA;com.thoughtworks.gauge.processor.ScenarioExecutionStartingProcessor.process(ScenarioExecutionStartingProcessor.java:34)&#xA;com.thoughtworks.gauge.connection.MessageDispatcher.dispatchMessages(MessageDispatcher.java:83)&#xA;com.thoughtworks.gauge.GaugeRuntime.dispatchMessages(GaugeRuntime.java:124)&#xA;com.thoughtworks.gauge.GaugeRuntime.lambda$connectSynchronously$1(GaugeRuntime.java:106)&#xA;java.base/java.lang.Thread.run(Thread.java:834)&#xA;</failure>
		</testcase>
		<system-out></system-out>
		<system-err></system-err>
	</testsuite>
	<testsuite id="3" tests="5" failures="5" package="/home/travis/build/jpmorganchase/quorum-acceptance-tests/src/specs/01_basic/private_smart_contract_single.spec" time="0.000" timestamp="2020-02-16T19:41:03" name="Single private smart contract" errors="0" hostname="travis-job-79c52366-f7a1-4c21-8d26-1087ff0a07f7">
		<properties></properties>
		<testcase classname="Single private smart contract" name="Contract is mined" time="0.000">
			<failure message="Contract is mined&#xA;Scenario Pre Hook Failure: &#39;java.lang.IllegalArgumentException: Can&#39;t find node Node1 in the configuration&#39;" type="Contract is mined&#xA;Scenario Pre Hook Failure: &#39;java.lang.IllegalArgumentException: Can&#39;t find node Node1 in the configuration&#39;">com.quorum.gauge.services.QuorumNodeConnectionFactory.getWeb3jService(QuorumNodeConnectionFactory.java:51)&#xA;com.quorum.gauge.services.QuorumNodeConnectionFactory.getWeb3jConnection(QuorumNodeConnectionFactory.java:45)&#xA;com.quorum.gauge.services.UtilService.getCurrentBlockNumberFrom(UtilService.java:42)&#xA;com.quorum.gauge.services.UtilService.getCurrentBlockNumber(UtilService.java:38)&#xA;com.quorum.gauge.core.ExecutionHooks.saveCurrentBlockNumber(ExecutionHooks.java:53)&#xA;jdk.internal.reflect.GeneratedMethodAccessor31.invoke(Unknown Source)&#xA;java.base/jdk.internal.reflect.DelegatingMethodAccessorImpl.invoke(DelegatingMethodAccessorImpl.java:43)&#xA;java.base/java.lang.reflect.Method.invoke(Method.java:566)&#xA;com.thoughtworks.gauge.execution.MethodExecutor.execute(MethodExecutor.java:38)&#xA;com.thoughtworks.gauge.execution.HooksExecutor$TaggedHookExecutor.executeHook(HooksExecutor.java:100)&#xA;com.thoughtworks.gauge.execution.HooksExecutor$TaggedHookExecutor.execute(HooksExecutor.java:88)&#xA;com.thoughtworks.gauge.execution.HooksExecutor.execute(HooksExecutor.java:45)&#xA;com.thoughtworks.gauge.processor.MethodExecutionMessageProcessor.executeHooks(MethodExecutionMessageProcessor.java:65)&#xA;com.thoughtworks.gauge.processor.ScenarioExecutionStartingProcessor.process(ScenarioExecutionStartingProcessor.java:34)&#xA;com.thoughtworks.gauge.connection.MessageDispatcher.dispatchMessages(MessageDispatcher.java:83)&#xA;com.thoughtworks.gauge.GaugeRuntime.dispatchMessages(GaugeRuntime.java:124)&#xA;com.thoughtworks.gauge.GaugeRuntime.lambda$connectSynchronously$1(GaugeRuntime.java:106)&#xA;java.base/java.lang.Thread.run(Thread.java:834)&#xA;</failure>
		</testcase>
		<testcase classname="Single private smart contract" name="Storage Root storing private smart contracts must be the same" time="0.000">
			<failure message="Storage Root storing private smart contracts must be the same&#xA;Scenario Pre Hook Failure: &#39;java.lang.IllegalArgumentException: Can&#39;t find node Node1 in the configuration&#39;" type="Storage Root storing private smart contracts must be the same&#xA;Scenario Pre Hook Failure: &#39;java.lang.IllegalArgumentException: Can&#39;t find node Node1 in the configuration&#39;">com.quorum.gauge.services.QuorumNodeConnectionFactory.getWeb3jService(QuorumNodeConnectionFactory.java:51)&#xA;com.quorum.gauge.services.QuorumNodeConnectionFactory.getWeb3jConnection(QuorumNodeConnectionFactory.java:45)&#xA;com.quorum.gauge.services.UtilService.getCurrentBlockNumberFrom(UtilService.java:42)&#xA;com.quorum.gauge.services.UtilService.getCurrentBlockNumber(UtilService.java:38)&#xA;com.quorum.gauge.core.ExecutionHooks.saveCurrentBlockNumber(ExecutionHooks.java:53)&#xA;jdk.internal.reflect.GeneratedMethodAccessor31.invoke(Unknown Source)&#xA;java.base/jdk.internal.reflect.DelegatingMethodAccessorImpl.invoke(DelegatingMethodAccessorImpl.java:43)&#xA;java.base/java.lang.reflect.Method.invoke(Method.java:566)&#xA;com.thoughtworks.gauge.execution.MethodExecutor.execute(MethodExecutor.java:38)&#xA;com.thoughtworks.gauge.execution.HooksExecutor$TaggedHookExecutor.executeHook(HooksExecutor.java:100)&#xA;com.thoughtworks.gauge.execution.HooksExecutor$TaggedHookExecutor.execute(HooksExecutor.java:88)&#xA;com.thoughtworks.gauge.execution.HooksExecutor.execute(HooksExecutor.java:45)&#xA;com.thoughtworks.gauge.processor.MethodExecutionMessageProcessor.executeHooks(MethodExecutionMessageProcessor.java:65)&#xA;com.thoughtworks.gauge.processor.ScenarioExecutionStartingProcessor.process(ScenarioExecutionStartingProcessor.java:34)&#xA;com.thoughtworks.gauge.connection.MessageDispatcher.dispatchMessages(MessageDispatcher.java:83)&#xA;com.thoughtworks.gauge.GaugeRuntime.dispatchMessages(GaugeRuntime.java:124)&#xA;com.thoughtworks.gauge.GaugeRuntime.lambda$connectSynchronously$1(GaugeRuntime.java:106)&#xA;java.base/java.lang.Thread.run(Thread.java:834)&#xA;</failure>
		</testcase>
		<testcase classname="Single private smart contract" name="Transaction payload is secured" time="0.000">
			<failure message="Transaction payload is secured&#xA;Scenario Pre Hook Failure: &#39;java.lang.IllegalArgumentException: Can&#39;t find node Node1 in the configuration&#39;" type="Transaction payload is secured&#xA;Scenario Pre Hook Failure: &#39;java.lang.IllegalArgumentException: Can&#39;t find node Node1 in the configuration&#39;">com.quorum.gauge.services.QuorumNodeConnectionFactory.getWeb3jService(QuorumNodeConnectionFactory.java:51)&#xA;com.quorum.gauge.services.QuorumNodeConnectionFactory.getWeb3jConnection(QuorumNodeConnectionFactory.java:45)&#xA;com.quorum.gauge.services.UtilService.getCurrentBlockNumberFrom(UtilService.java:42)&#xA;com.quorum.gauge.services.UtilService.getCurrentBlockNumber(UtilService.java:38)&#xA;com.quorum.gauge.core.ExecutionHooks.saveCurrentBlockNumber(ExecutionHooks.java:53)&#xA;jdk.internal.reflect.GeneratedMethodAccessor31.invoke(Unknown Source)&#xA;java.base/jdk.internal.reflect.DelegatingMethodAccessorImpl.invoke(DelegatingMethodAccessorImpl.java:43)&#xA;java.base/java.lang.reflect.Method.invoke(Method.java:566)&#xA;com.thoughtworks.gauge.execution.MethodExecutor.execute(MethodExecutor.java:38)&#xA;com.thoughtworks.gauge.execution.HooksExecutor$TaggedHookExecutor.executeHook(HooksExecutor.java:100)&#xA;com.thoughtworks.gauge.execution.HooksExecutor$TaggedHookExecutor.execute(HooksExecutor.java:88)&#xA;com.thoughtworks.gauge.execution.HooksExecutor.execute(HooksExecutor.java:45)&#xA;com.thoughtworks.gauge.processor.MethodExecutionMessageProcessor.executeHooks(MethodExecutionMessageProcessor.java:65)&#xA;com.thoughtworks.gauge.processor.ScenarioExecutionStartingProcessor.process(ScenarioExecutionStartingProcessor.java:34)&#xA;com.thoughtworks.gauge.connection.MessageDispatcher.dispatchMessages(MessageDispatcher.java:83)&#xA;com.thoughtworks.gauge.GaugeRuntime.dispatchMessages(GaugeRuntime.java:124)&#xA;com.thoughtworks.gauge.GaugeRuntime.lambda$connectSynchronously$1(GaugeRuntime.java:106)&#xA;java.base/java.lang.Thread.run(Thread.java:834)&#xA;</failure>
		</testcase>
		<testcase classname="Single private smart contract" name="Privacy is enforced between parties" time="0.000">
			<failure message="Privacy is enforced between parties&#xA;Scenario Pre Hook Failure: &#39;java.lang.IllegalArgumentException: Can&#39;t find node Node1 in the configuration&#39;" type="Privacy is enforced between parties&#xA;Scenario Pre Hook Failure: &#39;java.lang.IllegalArgumentException: Can&#39;t find node Node1 in the configuration&#39;">com.quorum.gauge.services.QuorumNodeConnectionFactory.getWeb3jService(QuorumNodeConnectionFactory.java:51)&#xA;com.quorum.gauge.services.QuorumNodeConnectionFactory.getWeb3jConnection(QuorumNodeConnectionFactory.java:45)&#xA;com.quorum.gauge.services.UtilService.getCurrentBlockNumberFrom(UtilService.java:42)&#xA;com.quorum.gauge.services.UtilService.getCurrentBlockNumber(UtilService.java:38)&#xA;com.quorum.gauge.core.ExecutionHooks.saveCurrentBlockNumber(ExecutionHooks.java:53)&#xA;jdk.internal.reflect.GeneratedMethodAccessor31.invoke(Unknown Source)&#xA;java.base/jdk.internal.reflect.DelegatingMethodAccessorImpl.invoke(DelegatingMethodAccessorImpl.java:43)&#xA;java.base/java.lang.reflect.Method.invoke(Method.java:566)&#xA;com.thoughtworks.gauge.execution.MethodExecutor.execute(MethodExecutor.java:38)&#xA;com.thoughtworks.gauge.execution.HooksExecutor$TaggedHookExecutor.executeHook(HooksExecutor.java:100)&#xA;com.thoughtworks.gauge.execution.HooksExecutor$TaggedHookExecutor.execute(HooksExecutor.java:88)&#xA;com.thoughtworks.gauge.execution.HooksExecutor.execute(HooksExecutor.java:45)&#xA;com.thoughtworks.gauge.processor.MethodExecutionMessageProcessor.executeHooks(MethodExecutionMessageProcessor.java:65)&#xA;com.thoughtworks.gauge.processor.ScenarioExecutionStartingProcessor.process(ScenarioExecutionStartingProcessor.java:34)&#xA;com.thoughtworks.gauge.connection.MessageDispatcher.dispatchMessages(MessageDispatcher.java:83)&#xA;com.thoughtworks.gauge.GaugeRuntime.dispatchMessages(GaugeRuntime.java:124)&#xA;com.thoughtworks.gauge.GaugeRuntime.lambda$connectSynchronously$1(GaugeRuntime.java:106)&#xA;java.base/java.lang.Thread.run(Thread.java:834)&#xA;</failure>
		</testcase>
		<testcase classname="Single private smart contract" name="When there&#39;s an update, privacy is still enforced" time="0.000">
			<failure message="When there&#39;s an update, privacy is still enforced&#xA;Scenario Pre Hook Failure: &#39;java.lang.IllegalArgumentException: Can&#39;t find node Node1 in the configuration&#39;" type="When there&#39;s an update, privacy is still enforced&#xA;Scenario Pre Hook Failure: &#39;java.lang.IllegalArgumentException: Can&#39;t find node Node1 in the configuration&#39;">com.quorum.gauge.services.QuorumNodeConnectionFactory.getWeb3jService(QuorumNodeConnectionFactory.java:51)&#xA;com.quorum.gauge.services.QuorumNodeConnectionFactory.getWeb3jConnection(QuorumNodeConnectionFactory.java:45)&#xA;com.quorum.gauge.services.UtilService.getCurrentBlockNumberFrom(UtilService.java:42)&#xA;com.quorum.gauge.services.UtilService.getCurrentBlockNumber(UtilService.java:38)&#xA;com.quorum.gauge.core.ExecutionHooks.saveCurrentBlockNumber(ExecutionHooks.java:53)&#xA;jdk.internal.reflect.GeneratedMethodAccessor31.invoke(Unknown Source)&#xA;java.base/jdk.internal.reflect.DelegatingMethodAccessorImpl.invoke(DelegatingMethodAccessorImpl.java:43)&#xA;java.base/java.lang.reflect.Method.invoke(Method.java:566)&#xA;com.thoughtworks.gauge.execution.MethodExecutor.execute(MethodExecutor.java:38)&#xA;com.thoughtworks.gauge.execution.HooksExecutor$TaggedHookExecutor.executeHook(HooksExecutor.java:100)&#xA;com.thoughtworks.gauge.execution.HooksExecutor$TaggedHookExecutor.execute(HooksExecutor.java:88)&#xA;com.thoughtworks.gauge.execution.HooksExecutor.execute(HooksExecutor.java:45)&#xA;com.thoughtworks.gauge.processor.MethodExecutionMessageProcessor.executeHooks(MethodExecutionMessageProcessor.java:65)&#xA;com.thoughtworks.gauge.processor.ScenarioExecutionStartingProcessor.process(ScenarioExecutionStartingProcessor.java:34)&#xA;com.thoughtworks.gauge.connection.MessageDispatcher.dispatchMessages(MessageDispatcher.java:83)&#xA;com.thoughtworks.gauge.GaugeRuntime.dispatchMessages(GaugeRuntime.java:124)&#xA;com.thoughtworks.gauge.GaugeRuntime.lambda$connectSynchronously$1(GaugeRuntime.java:106)&#xA;java.base/java.lang.Thread.run(Thread.java:834)&#xA;</failure>
		</testcase>
		<system-out></system-out>
		<system-err></system-err>
	</testsuite>
	<testsuite id="4" tests="1" failures="1" package="/home/travis/build/jpmorganchase/quorum-acceptance-tests/src/specs/02_advanced/transactions_for_block_height.spec" time="0.001" timestamp="2020-02-16T19:41:03" name="Transactions for different block heights" errors="0" hostname="travis-job-79c52366-f7a1-4c21-8d26-1087ff0a07f7">
		<properties></properties>
		<testcase classname="Transactions for different block heights" name="Private smart contracts for Raft consensus" time="0.001">
			<failure message="Private smart contracts for Raft consensus&#xA;Scenario Pre Hook Failure: &#39;java.lang.IllegalArgumentException: Can&#39;t find node Node1 in the configuration&#39;" type="Private smart contracts for Raft consensus&#xA;Scenario Pre Hook Failure: &#39;java.lang.IllegalArgumentException: Can&#39;t find node Node1 in the configuration&#39;">com.quorum.gauge.services.QuorumNodeConnectionFactory.getWeb3jService(QuorumNodeConnectionFactory.java:51)&#xA;com.quorum.gauge.services.QuorumNodeConnectionFactory.getWeb3jConnection(QuorumNodeConnectionFactory.java:45)&#xA;com.quorum.gauge.services.UtilService.getCurrentBlockNumberFrom(UtilService.java:42)&#xA;com.quorum.gauge.services.UtilService.getCurrentBlockNumber(UtilService.java:38)&#xA;com.quorum.gauge.core.ExecutionHooks.saveCurrentBlockNumber(ExecutionHooks.java:53)&#xA;jdk.internal.reflect.GeneratedMethodAccessor31.invoke(Unknown Source)&#xA;java.base/jdk.internal.reflect.DelegatingMethodAccessorImpl.invoke(DelegatingMethodAccessorImpl.java:43)&#xA;java.base/java.lang.reflect.Method.invoke(Method.java:566)&#xA;com.thoughtworks.gauge.execution.MethodExecutor.execute(MethodExecutor.java:38)&#xA;com.thoughtworks.gauge.execution.HooksExecutor$TaggedHookExecutor.executeHook(HooksExecutor.java:100)&#xA;com.thoughtworks.gauge.execution.HooksExecutor$TaggedHookExecutor.execute(HooksExecutor.java:88)&#xA;com.thoughtworks.gauge.execution.HooksExecutor.execute(HooksExecutor.java:45)&#xA;com.thoughtworks.gauge.processor.MethodExecutionMessageProcessor.executeHooks(MethodExecutionMessageProcessor.java:65)&#xA;com.thoughtworks.gauge.processor.ScenarioExecutionStartingProcessor.process(ScenarioExecutionStartingProcessor.java:34)&#xA;com.thoughtworks.gauge.connection.MessageDispatcher.dispatchMessages(MessageDispatcher.java:83)&#xA;com.thoughtworks.gauge.GaugeRuntime.dispatchMessages(GaugeRuntime.java:124)&#xA;com.thoughtworks.gauge.GaugeRuntime.lambda$connectSynchronously$1(GaugeRuntime.java:106)&#xA;java.base/java.lang.Thread.run(Thread.java:834)&#xA;</failure>
		</testcase>
		<system-out></system-out>
		<system-err></system-err>
	</testsuite>
	<testsuite id="5" tests="4" failures="4" package="/home/travis/build/jpmorganchase/quorum-acceptance-tests/src/specs/01_basic/smart_contract_dual_state.spec" time="0.000" timestamp="2020-02-16T19:41:03" name="Dual state implementation when peforming function calls from one smart contract to another" errors="0" hostname="travis-job-79c52366-f7a1-4c21-8d26-1087ff0a07f7">
		<properties></properties>
		<testcase classname="Dual state implementation when peforming function calls from one smart contract to another" name="Function calls between all public smart contracts: public -&gt; public -&gt; public" time="0.000">
			<failure message="Function calls between all public smart contracts: public -&gt; public -&gt; public&#xA;Scenario Pre Hook Failure: &#39;java.lang.IllegalArgumentException: Can&#39;t find node Node1 in the configuration&#39;" type="Function calls between all public smart contracts: public -&gt; public -&gt; public&#xA;Scenario Pre Hook Failure: &#39;java.lang.IllegalArgumentException: Can&#39;t find node Node1 in the configuration&#39;">com.quorum.gauge.services.QuorumNodeConnectionFactory.getWeb3jService(QuorumNodeConnectionFactory.java:51)&#xA;com.quorum.gauge.services.QuorumNodeConnectionFactory.getWeb3jConnection(QuorumNodeConnectionFactory.java:45)&#xA;com.quorum.gauge.services.UtilService.getCurrentBlockNumberFrom(UtilService.java:42)&#xA;com.quorum.gauge.services.UtilService.getCurrentBlockNumber(UtilService.java:38)&#xA;com.quorum.gauge.core.ExecutionHooks.saveCurrentBlockNumber(ExecutionHooks.java:53)&#xA;jdk.internal.reflect.GeneratedMethodAccessor31.invoke(Unknown Source)&#xA;java.base/jdk.internal.reflect.DelegatingMethodAccessorImpl.invoke(DelegatingMethodAccessorImpl.java:43)&#xA;java.base/java.lang.reflect.Method.invoke(Method.java:566)&#xA;com.thoughtworks.gauge.execution.MethodExecutor.execute(MethodExecutor.java:38)&#xA;com.thoughtworks.gauge.execution.HooksExecutor$TaggedHookExecutor.executeHook(HooksExecutor.java:100)&#xA;com.thoughtworks.gauge.execution.HooksExecutor$TaggedHookExecutor.execute(HooksExecutor.java:88)&#xA;com.thoughtworks.gauge.execution.HooksExecutor.execute(HooksExecutor.java:45)&#xA;com.thoughtworks.gauge.processor.MethodExecutionMessageProcessor.executeHooks(MethodExecutionMessageProcessor.java:65)&#xA;com.thoughtworks.gauge.processor.ScenarioExecutionStartingProcessor.process(ScenarioExecutionStartingProcessor.java:34)&#xA;com.thoughtworks.gauge.connection.MessageDispatcher.dispatchMessages(MessageDispatcher.java:83)&#xA;com.thoughtworks.gauge.GaugeRuntime.dispatchMessages(GaugeRuntime.java:124)&#xA;com.thoughtworks.gauge.GaugeRuntime.lambda$connectSynchronously$1(GaugeRuntime.java:106)&#xA;java.base/java.lang.Thread.run(Thread.java:834)&#xA;</failure>
		</testcase>
		<testcase classname="Dual state implementation when peforming function calls from one smart contract to another" name="Function calls between all private smart contracts: private -&gt; private -&gt; private" time="0.000">
			<failure message="Function calls between all private smart contracts: private -&gt; private -&gt; private&#xA;Scenario Pre Hook Failure: &#39;java.lang.IllegalArgumentException: Can&#39;t find node Node1 in the configuration&#39;" type="Function calls between all private smart contracts: private -&gt; private -&gt; private&#xA;Scenario Pre Hook Failure: &#39;java.lang.IllegalArgumentException: Can&#39;t find node Node1 in the configuration&#39;">com.quorum.gauge.services.QuorumNodeConnectionFactory.getWeb3jService(QuorumNodeConnectionFactory.java:51)&#xA;com.quorum.gauge.services.QuorumNodeConnectionFactory.getWeb3jConnection(QuorumNodeConnectionFactory.java:45)&#xA;com.quorum.gauge.services.UtilService.getCurrentBlockNumberFrom(UtilService.java:42)&#xA;com.quorum.gauge.services.UtilService.getCurrentBlockNumber(UtilService.java:38)&#xA;com.quorum.gauge.core.ExecutionHooks.saveCurrentBlockNumber(ExecutionHooks.java:53)&#xA;jdk.internal.reflect.GeneratedMethodAccessor31.invoke(Unknown Source)&#xA;java.base/jdk.internal.reflect.DelegatingMethodAccessorImpl.invoke(DelegatingMethodAccessorImpl.java:43)&#xA;java.base/java.lang.reflect.Method.invoke(Method.java:566)&#xA;com.thoughtworks.gauge.execution.MethodExecutor.execute(MethodExecutor.java:38)&#xA;com.thoughtworks.gauge.execution.HooksExecutor$TaggedHookExecutor.executeHook(HooksExecutor.java:100)&#xA;com.thoughtworks.gauge.execution.HooksExecutor$TaggedHookExecutor.execute(HooksExecutor.java:88)&#xA;com.thoughtworks.gauge.execution.HooksExecutor.execute(HooksExecutor.java:45)&#xA;com.thoughtworks.gauge.processor.MethodExecutionMessageProcessor.executeHooks(MethodExecutionMessageProcessor.java:65)&#xA;com.thoughtworks.gauge.processor.ScenarioExecutionStartingProcessor.process(ScenarioExecutionStartingProcessor.java:34)&#xA;com.thoughtworks.gauge.connection.MessageDispatcher.dispatchMessages(MessageDispatcher.java:83)&#xA;com.thoughtworks.gauge.GaugeRuntime.dispatchMessages(GaugeRuntime.java:124)&#xA;com.thoughtworks.gauge.GaugeRuntime.lambda$connectSynchronously$1(GaugeRuntime.java:106)&#xA;java.base/java.lang.Thread.run(Thread.java:834)&#xA;</failure>
		</testcase>
		<testcase classname="Dual state implementation when peforming function calls from one smart contract to another" name="Function calls from a private smart contract to public smart contracts: private -&gt; public -&gt; public" time="0.000">
			<failure message="Function calls from a private smart contract to public smart contracts: private -&gt; public -&gt; public&#xA;Scenario Pre Hook Failure: &#39;java.lang.IllegalArgumentException: Can&#39;t find node Node1 in the configuration&#39;" type="Function calls from a private smart contract to public smart contracts: private -&gt; public -&gt; public&#xA;Scenario Pre Hook Failure: &#39;java.lang.IllegalArgumentException: Can&#39;t find node Node1 in the configuration&#39;">com.quorum.gauge.services.QuorumNodeConnectionFactory.getWeb3jService(QuorumNodeConnectionFactory.java:51)&#xA;com.quorum.gauge.services.QuorumNodeConnectionFactory.getWeb3jConnection(QuorumNodeConnectionFactory.java:45)&#xA;com.quorum.gauge.services.UtilService.getCurrentBlockNumberFrom(UtilService.java:42)&#xA;com.quorum.gauge.services.UtilService.getCurrentBlockNumber(UtilService.java:38)&#xA;com.quorum.gauge.core.ExecutionHooks.saveCurrentBlockNumber(ExecutionHooks.java:53)&#xA;jdk.internal.reflect.GeneratedMethodAccessor31.invoke(Unknown Source)&#xA;java.base/jdk.internal.reflect.DelegatingMethodAccessorImpl.invoke(DelegatingMethodAccessorImpl.java:43)&#xA;java.base/java.lang.reflect.Method.invoke(Method.java:566)&#xA;com.thoughtworks.gauge.execution.MethodExecutor.execute(MethodExecutor.java:38)&#xA;com.thoughtworks.gauge.execution.HooksExecutor$TaggedHookExecutor.executeHook(HooksExecutor.java:100)&#xA;com.thoughtworks.gauge.execution.HooksExecutor$TaggedHookExecutor.execute(HooksExecutor.java:88)&#xA;com.thoughtworks.gauge.execution.HooksExecutor.execute(HooksExecutor.java:45)&#xA;com.thoughtworks.gauge.processor.MethodExecutionMessageProcessor.executeHooks(MethodExecutionMessageProcessor.java:65)&#xA;com.thoughtworks.gauge.processor.ScenarioExecutionStartingProcessor.process(ScenarioExecutionStartingProcessor.java:34)&#xA;com.thoughtworks.gauge.connection.MessageDispatcher.dispatchMessages(MessageDispatcher.java:83)&#xA;com.thoughtworks.gauge.GaugeRuntime.dispatchMessages(GaugeRuntime.java:124)&#xA;com.thoughtworks.gauge.GaugeRuntime.lambda$connectSynchronously$1(GaugeRuntime.java:106)&#xA;java.base/java.lang.Thread.run(Thread.java:834)&#xA;</failure>
		</testcase>
		<testcase classname="Dual state implementation when peforming function calls from one smart contract to another" name="Function calls from a public smart contract to private smart contracts: public -&gt; private -&gt; private" time="0.000">
			<failure message="Function calls from a public smart contract to private smart contracts: public -&gt; private -&gt; private&#xA;Scenario Pre Hook Failure: &#39;java.lang.IllegalArgumentException: Can&#39;t find node Node1 in the configuration&#39;" type="Function calls from a public smart contract to private smart contracts: public -&gt; private -&gt; private&#xA;Scenario Pre Hook Failure: &#39;java.lang.IllegalArgumentException: Can&#39;t find node Node1 in the configuration&#39;">com.quorum.gauge.services.QuorumNodeConnectionFactory.getWeb3jService(QuorumNodeConnectionFactory.java:51)&#xA;com.quorum.gauge.services.QuorumNodeConnectionFactory.getWeb3jConnection(QuorumNodeConnectionFactory.java:45)&#xA;com.quorum.gauge.services.UtilService.getCurrentBlockNumberFrom(UtilService.java:42)&#xA;com.quorum.gauge.services.UtilService.getCurrentBlockNumber(UtilService.java:38)&#xA;com.quorum.gauge.core.ExecutionHooks.saveCurrentBlockNumber(ExecutionHooks.java:53)&#xA;jdk.internal.reflect.GeneratedMethodAccessor31.invoke(Unknown Source)&#xA;java.base/jdk.internal.reflect.DelegatingMethodAccessorImpl.invoke(DelegatingMethodAccessorImpl.java:43)&#xA;java.base/java.lang.reflect.Method.invoke(Method.java:566)&#xA;com.thoughtworks.gauge.execution.MethodExecutor.execute(MethodExecutor.java:38)&#xA;com.thoughtworks.gauge.execution.HooksExecutor$TaggedHookExecutor.executeHook(HooksExecutor.java:100)&#xA;com.thoughtworks.gauge.execution.HooksExecutor$TaggedHookExecutor.execute(HooksExecutor.java:88)&#xA;com.thoughtworks.gauge.execution.HooksExecutor.execute(HooksExecutor.java:45)&#xA;com.thoughtworks.gauge.processor.MethodExecutionMessageProcessor.executeHooks(MethodExecutionMessageProcessor.java:65)&#xA;com.thoughtworks.gauge.processor.ScenarioExecutionStartingProcessor.process(ScenarioExecutionStartingProcessor.java:34)&#xA;com.thoughtworks.gauge.connection.MessageDispatcher.dispatchMessages(MessageDispatcher.java:83)&#xA;com.thoughtworks.gauge.GaugeRuntime.dispatchMessages(GaugeRuntime.java:124)&#xA;com.thoughtworks.gauge.GaugeRuntime.lambda$connectSynchronously$1(GaugeRuntime.java:106)&#xA;java.base/java.lang.Thread.run(Thread.java:834)&#xA;</failure>
		</testcase>
		<system-out></system-out>
		<system-err></system-err>
	</testsuite>
	<testsuite id="6" tests="2" failures="2" package="/home/travis/build/jpmorganchase/quorum-acceptance-tests/src/specs/01_basic/value_transfer_private_transactions.spec" time="0.001" timestamp="2020-02-16T19:41:03" name="Value transfer in private transactions" errors="0" hostname="travis-job-79c52366-f7a1-4c21-8d26-1087ff0a07f7">
		<properties></properties>
		<testcase classname="Value transfer in private transactions" name="Unsuccessful private transaction submission" time="0.001">
			<failure message="Unsuccessful private transaction submission&#xA;Scenario Pre Hook Failure: &#39;java.lang.IllegalArgumentException: Can&#39;t find node Node1 in the configuration&#39;" type="Unsuccessful private transaction submission&#xA;Scenario Pre Hook Failure: &#39;java.lang.IllegalArgumentException: Can&#39;t find node Node1 in the configuration&#39;">com.quorum.gauge.services.QuorumNodeConnectionFactory.getWeb3jService(QuorumNodeConnectionFactory.java:51)&#xA;com.quorum.gauge.services.QuorumNodeConnectionFactory.getWeb3jConnection(QuorumNodeConnectionFactory.java:45)&#xA;com.quorum.gauge.services.UtilService.getCurrentBlockNumberFrom(UtilService.java:42)&#xA;com.quorum.gauge.services.UtilService.getCurrentBlockNumber(UtilService.java:38)&#xA;com.quorum.gauge.core.ExecutionHooks.saveCurrentBlockNumber(ExecutionHooks.java:53)&#xA;jdk.internal.reflect.GeneratedMethodAccessor31.invoke(Unknown Source)&#xA;java.base/jdk.internal.reflect.DelegatingMethodAccessorImpl.invoke(DelegatingMethodAccessorImpl.java:43)&#xA;java.base/java.lang.reflect.Method.invoke(Method.java:566)&#xA;com.thoughtworks.gauge.execution.MethodExecutor.execute(MethodExecutor.java:38)&#xA;com.thoughtworks.gauge.execution.HooksExecutor$TaggedHookExecutor.executeHook(HooksExecutor.java:100)&#xA;com.thoughtworks.gauge.execution.HooksExecutor$TaggedHookExecutor.execute(HooksExecutor.java:88)&#xA;com.thoughtworks.gauge.execution.HooksExecutor.execute(HooksExecutor.java:45)&#xA;com.thoughtworks.gauge.processor.MethodExecutionMessageProcessor.executeHooks(MethodExecutionMessageProcessor.java:65)&#xA;com.thoughtworks.gauge.processor.ScenarioExecutionStartingProcessor.process(ScenarioExecutionStartingProcessor.java:34)&#xA;com.thoughtworks.gauge.connection.MessageDispatcher.dispatchMessages(MessageDispatcher.java:83)&#xA;com.thoughtworks.gauge.GaugeRuntime.dispatchMessages(GaugeRuntime.java:124)&#xA;com.thoughtworks.gauge.GaugeRuntime.lambda$connectSynchronously$1(GaugeRuntime.java:106)&#xA;java.base/java.lang.Thread.run(Thread.java:834)&#xA;</failure>
		</testcase>
		<testcase classname="Value transfer in private transactions" name="Unsuccessful signed private transaction submission" time="0.000">
			<failure message="Unsuccessful signed private transaction submission&#xA;Scenario Pre Hook Failure: &#39;java.lang.IllegalArgumentException: Can&#39;t find node Node1 in the configuration&#39;" type="Unsuccessful signed private transaction submission&#xA;Scenario Pre Hook Failure: &#39;java.lang.IllegalArgumentException: Can&#39;t find node Node1 in the configuration&#39;">com.quorum.gauge.services.QuorumNodeConnectionFactory.getWeb3jService(QuorumNodeConnectionFactory.java:51)&#xA;com.quorum.gauge.services.QuorumNodeConnectionFactory.getWeb3jConnection(QuorumNodeConnectionFactory.java:45)&#xA;com.quorum.gauge.services.UtilService.getCurrentBlockNumberFrom(UtilService.java:42)&#xA;com.quorum.gauge.services.UtilService.getCurrentBlockNumber(UtilService.java:38)&#xA;com.quorum.gauge.core.ExecutionHooks.saveCurrentBlockNumber(ExecutionHooks.java:53)&#xA;jdk.internal.reflect.GeneratedMethodAccessor31.invoke(Unknown Source)&#xA;java.base/jdk.internal.reflect.DelegatingMethodAccessorImpl.invoke(DelegatingMethodAccessorImpl.java:43)&#xA;java.base/java.lang.reflect.Method.invoke(Method.java:566)&#xA;com.thoughtworks.gauge.execution.MethodExecutor.execute(MethodExecutor.java:38)&#xA;com.thoughtworks.gauge.execution.HooksExecutor$TaggedHookExecutor.executeHook(HooksExecutor.java:100)&#xA;com.thoughtworks.gauge.execution.HooksExecutor$TaggedHookExecutor.execute(HooksExecutor.java:88)&#xA;com.thoughtworks.gauge.execution.HooksExecutor.execute(HooksExecutor.java:45)&#xA;com.thoughtworks.gauge.processor.MethodExecutionMessageProcessor.executeHooks(MethodExecutionMessageProcessor.java:65)&#xA;com.thoughtworks.gauge.processor.ScenarioExecutionStartingProcessor.process(ScenarioExecutionStartingProcessor.java:34)&#xA;com.thoughtworks.gauge.connection.MessageDispatcher.dispatchMessages(MessageDispatcher.java:83)&#xA;com.thoughtworks.gauge.GaugeRuntime.dispatchMessages(GaugeRuntime.java:124)&#xA;com.thoughtworks.gauge.GaugeRuntime.lambda$connectSynchronously$1(GaugeRuntime.java:106)&#xA;java.base/java.lang.Thread.run(Thread.java:834)&#xA;</failure>
		</testcase>
		<system-out></system-out>
		<system-err></system-err>
	</testsuite>
	<testsuite id="7" tests="2" failures="2" package="/home/travis/build/jpmorganchase/quorum-acceptance-tests/src/specs/01_basic/estimate_gas_private.spec" time="0.001" timestamp="2020-02-16T19:41:03" name="Estimate gas required for transactions and contracts" errors="0" hostname="travis-job-79c52366-f7a1-4c21-8d26-1087ff0a07f7">
		<properties></properties>
		<testcase classname="Estimate gas required for transactions and contracts" name="Estimate gas required to create private smart contract" time="0.000">
			<failure message="Estimate gas required to create private smart contract&#xA;Scenario Pre Hook Failure: &#39;java.lang.IllegalArgumentException: Can&#39;t find node Node1 in the configuration&#39;" type="Estimate gas required to create private smart contract&#xA;Scenario Pre Hook Failure: &#39;java.lang.IllegalArgumentException: Can&#39;t find node Node1 in the configuration&#39;">com.quorum.gauge.services.QuorumNodeConnectionFactory.getWeb3jService(QuorumNodeConnectionFactory.java:51)&#xA;com.quorum.gauge.services.QuorumNodeConnectionFactory.getWeb3jConnection(QuorumNodeConnectionFactory.java:45)&#xA;com.quorum.gauge.services.UtilService.getCurrentBlockNumberFrom(UtilService.java:42)&#xA;com.quorum.gauge.services.UtilService.getCurrentBlockNumber(UtilService.java:38)&#xA;com.quorum.gauge.core.ExecutionHooks.saveCurrentBlockNumber(ExecutionHooks.java:53)&#xA;java.base/jdk.internal.reflect.NativeMethodAccessorImpl.invoke0(Native Method)&#xA;java.base/jdk.internal.reflect.NativeMethodAccessorImpl.invoke(NativeMethodAccessorImpl.java:62)&#xA;java.base/jdk.internal.reflect.DelegatingMethodAccessorImpl.invoke(DelegatingMethodAccessorImpl.java:43)&#xA;java.base/java.lang.reflect.Method.invoke(Method.java:566)&#xA;com.thoughtworks.gauge.execution.MethodExecutor.execute(MethodExecutor.java:38)&#xA;com.thoughtworks.gauge.execution.HooksExecutor$TaggedHookExecutor.executeHook(HooksExecutor.java:100)&#xA;com.thoughtworks.gauge.execution.HooksExecutor$TaggedHookExecutor.execute(HooksExecutor.java:88)&#xA;com.thoughtworks.gauge.execution.HooksExecutor.execute(HooksExecutor.java:45)&#xA;com.thoughtworks.gauge.processor.MethodExecutionMessageProcessor.executeHooks(MethodExecutionMessageProcessor.java:65)&#xA;com.thoughtworks.gauge.processor.ScenarioExecutionStartingProcessor.process(ScenarioExecutionStartingProcessor.java:34)&#xA;com.thoughtworks.gauge.connection.MessageDispatcher.dispatchMessages(MessageDispatcher.java:83)&#xA;com.thoughtworks.gauge.GaugeRuntime.dispatchMessages(GaugeRuntime.java:124)&#xA;com.thoughtworks.gauge.GaugeRuntime.lambda$connectSynchronously$1(GaugeRuntime.java:106)&#xA;java.base/java.lang.Thread.run(Thread.java:834)&#xA;</failure>
		</testcase>
		<testcase classname="Estimate gas required for transactions and contracts" name="Estimate gas required to call a private smart contract" time="0.001">
			<failure message="Estimate gas required to call a private smart contract&#xA;Scenario Pre Hook Failure: &#39;java.lang.IllegalArgumentException: Can&#39;t find node Node1 in the configuration&#39;" type="Estimate gas required to call a private smart contract&#xA;Scenario Pre Hook Failure: &#39;java.lang.IllegalArgumentException: Can&#39;t find node Node1 in the configuration&#39;">com.quorum.gauge.services.QuorumNodeConnectionFactory.getWeb3jService(QuorumNodeConnectionFactory.java:51)&#xA;com.quorum.gauge.services.QuorumNodeConnectionFactory.getWeb3jConnection(QuorumNodeConnectionFactory.java:45)&#xA;com.quorum.gauge.services.UtilService.getCurrentBlockNumberFrom(UtilService.java:42)&#xA;com.quorum.gauge.services.UtilService.getCurrentBlockNumber(UtilService.java:38)&#xA;com.quorum.gauge.core.ExecutionHooks.saveCurrentBlockNumber(ExecutionHooks.java:53)&#xA;java.base/jdk.internal.reflect.NativeMethodAccessorImpl.invoke0(Native Method)&#xA;java.base/jdk.internal.reflect.NativeMethodAccessorImpl.invoke(NativeMethodAccessorImpl.java:62)&#xA;java.base/jdk.internal.reflect.DelegatingMethodAccessorImpl.invoke(DelegatingMethodAccessorImpl.java:43)&#xA;java.base/java.lang.reflect.Method.invoke(Method.java:566)&#xA;com.thoughtworks.gauge.execution.MethodExecutor.execute(MethodExecutor.java:38)&#xA;com.thoughtworks.gauge.execution.HooksExecutor$TaggedHookExecutor.executeHook(HooksExecutor.java:100)&#xA;com.thoughtworks.gauge.execution.HooksExecutor$TaggedHookExecutor.execute(HooksExecutor.java:88)&#xA;com.thoughtworks.gauge.execution.HooksExecutor.execute(HooksExecutor.java:45)&#xA;com.thoughtworks.gauge.processor.MethodExecutionMessageProcessor.executeHooks(MethodExecutionMessageProcessor.java:65)&#xA;com.thoughtworks.gauge.processor.ScenarioExecutionStartingProcessor.process(ScenarioExecutionStartingProcessor.java:34)&#xA;com.thoughtworks.gauge.connection.MessageDispatcher.dispatchMessages(MessageDispatcher.java:83)&#xA;com.thoughtworks.gauge.GaugeRuntime.dispatchMessages(GaugeRuntime.java:124)&#xA;com.thoughtworks.gauge.GaugeRuntime.lambda$connectSynchronously$1(GaugeRuntime.java:106)&#xA;java.base/java.lang.Thread.run(Thread.java:834)&#xA;</failure>
		</testcase>
		<system-out></system-out>
		<system-err></system-err>
	</testsuite>
	<testsuite id="8" tests="4" failures="4" package="/home/travis/build/jpmorganchase/quorum-acceptance-tests/src/specs/01_basic/eth_api_signed_private_raw_smart_contract_single.spec" time="0.000" timestamp="2020-02-16T19:41:03" name="Private raw smart contract when signed using the eth_signTransaction API" errors="0" hostname="travis-job-79c52366-f7a1-4c21-8d26-1087ff0a07f7">
		<properties></properties>
		<testcase classname="Private raw smart contract when signed using the eth_signTransaction API" name="Storage Root storing private smart contracts must be the same" time="0.000">
			<failure message="Storage Root storing private smart contracts must be the same&#xA;Scenario Pre Hook Failure: &#39;java.lang.IllegalArgumentException: Can&#39;t find node Node1 in the configuration&#39;" type="Storage Root storing private smart contracts must be the same&#xA;Scenario Pre Hook Failure: &#39;java.lang.IllegalArgumentException: Can&#39;t find node Node1 in the configuration&#39;">com.quorum.gauge.services.QuorumNodeConnectionFactory.getWeb3jService(QuorumNodeConnectionFactory.java:51)&#xA;com.quorum.gauge.services.QuorumNodeConnectionFactory.getWeb3jConnection(QuorumNodeConnectionFactory.java:45)&#xA;com.quorum.gauge.services.UtilService.getCurrentBlockNumberFrom(UtilService.java:42)&#xA;com.quorum.gauge.services.UtilService.getCurrentBlockNumber(UtilService.java:38)&#xA;com.quorum.gauge.core.ExecutionHooks.saveCurrentBlockNumber(ExecutionHooks.java:53)&#xA;java.base/jdk.internal.reflect.NativeMethodAccessorImpl.invoke0(Native Method)&#xA;java.base/jdk.internal.reflect.NativeMethodAccessorImpl.invoke(NativeMethodAccessorImpl.java:62)&#xA;java.base/jdk.internal.reflect.DelegatingMethodAccessorImpl.invoke(DelegatingMethodAccessorImpl.java:43)&#xA;java.base/java.lang.reflect.Method.invoke(Method.java:566)&#xA;com.thoughtworks.gauge.execution.MethodExecutor.execute(MethodExecutor.java:38)&#xA;com.thoughtworks.gauge.execution.HooksExecutor$TaggedHookExecutor.executeHook(HooksExecutor.java:100)&#xA;com.thoughtworks.gauge.execution.HooksExecutor$TaggedHookExecutor.execute(HooksExecutor.java:88)&#xA;com.thoughtworks.gauge.execution.HooksExecutor.execute(HooksExecutor.java:45)&#xA;com.thoughtworks.gauge.processor.MethodExecutionMessageProcessor.executeHooks(MethodExecutionMessageProcessor.java:65)&#xA;com.thoughtworks.gauge.processor.ScenarioExecutionStartingProcessor.process(ScenarioExecutionStartingProcessor.java:34)&#xA;com.thoughtworks.gauge.connection.MessageDispatcher.dispatchMessages(MessageDispatcher.java:83)&#xA;com.thoughtworks.gauge.GaugeRuntime.dispatchMessages(GaugeRuntime.java:124)&#xA;com.thoughtworks.gauge.GaugeRuntime.lambda$connectSynchronously$1(GaugeRuntime.java:106)&#xA;java.base/java.lang.Thread.run(Thread.java:834)&#xA;</failure>
		</testcase>
		<testcase classname="Private raw smart contract when signed using the eth_signTransaction API" name="Transaction payload is secured" time="0.000">
			<failure message="Transaction payload is secured&#xA;Scenario Pre Hook Failure: &#39;java.lang.IllegalArgumentException: Can&#39;t find node Node1 in the configuration&#39;" type="Transaction payload is secured&#xA;Scenario Pre Hook Failure: &#39;java.lang.IllegalArgumentException: Can&#39;t find node Node1 in the configuration&#39;">com.quorum.gauge.services.QuorumNodeConnectionFactory.getWeb3jService(QuorumNodeConnectionFactory.java:51)&#xA;com.quorum.gauge.services.QuorumNodeConnectionFactory.getWeb3jConnection(QuorumNodeConnectionFactory.java:45)&#xA;com.quorum.gauge.services.UtilService.getCurrentBlockNumberFrom(UtilService.java:42)&#xA;com.quorum.gauge.services.UtilService.getCurrentBlockNumber(UtilService.java:38)&#xA;com.quorum.gauge.core.ExecutionHooks.saveCurrentBlockNumber(ExecutionHooks.java:53)&#xA;java.base/jdk.internal.reflect.NativeMethodAccessorImpl.invoke0(Native Method)&#xA;java.base/jdk.internal.reflect.NativeMethodAccessorImpl.invoke(NativeMethodAccessorImpl.java:62)&#xA;java.base/jdk.internal.reflect.DelegatingMethodAccessorImpl.invoke(DelegatingMethodAccessorImpl.java:43)&#xA;java.base/java.lang.reflect.Method.invoke(Method.java:566)&#xA;com.thoughtworks.gauge.execution.MethodExecutor.execute(MethodExecutor.java:38)&#xA;com.thoughtworks.gauge.execution.HooksExecutor$TaggedHookExecutor.executeHook(HooksExecutor.java:100)&#xA;com.thoughtworks.gauge.execution.HooksExecutor$TaggedHookExecutor.execute(HooksExecutor.java:88)&#xA;com.thoughtworks.gauge.execution.HooksExecutor.execute(HooksExecutor.java:45)&#xA;com.thoughtworks.gauge.processor.MethodExecutionMessageProcessor.executeHooks(MethodExecutionMessageProcessor.java:65)&#xA;com.thoughtworks.gauge.processor.ScenarioExecutionStartingProcessor.process(ScenarioExecutionStartingProcessor.java:34)&#xA;com.thoughtworks.gauge.connection.MessageDispatcher.dispatchMessages(MessageDispatcher.java:83)&#xA;com.thoughtworks.gauge.GaugeRuntime.dispatchMessages(GaugeRuntime.java:124)&#xA;com.thoughtworks.gauge.GaugeRuntime.lambda$connectSynchronously$1(GaugeRuntime.java:106)&#xA;java.base/java.lang.Thread.run(Thread.java:834)&#xA;</failure>
		</testcase>
		<testcase classname="Private raw smart contract when signed using the eth_signTransaction API" name="Privacy is enforced between parties" time="0.000">
			<failure message="Privacy is enforced between parties&#xA;Scenario Pre Hook Failure: &#39;java.lang.IllegalArgumentException: Can&#39;t find node Node1 in the configuration&#39;" type="Privacy is enforced between parties&#xA;Scenario Pre Hook Failure: &#39;java.lang.IllegalArgumentException: Can&#39;t find node Node1 in the configuration&#39;">com.quorum.gauge.services.QuorumNodeConnectionFactory.getWeb3jService(QuorumNodeConnectionFactory.java:51)&#xA;com.quorum.gauge.services.QuorumNodeConnectionFactory.getWeb3jConnection(QuorumNodeConnectionFactory.java:45)&#xA;com.quorum.gauge.services.UtilService.getCurrentBlockNumberFrom(UtilService.java:42)&#xA;com.quorum.gauge.services.UtilService.getCurrentBlockNumber(UtilService.java:38)&#xA;com.quorum.gauge.core.ExecutionHooks.saveCurrentBlockNumber(ExecutionHooks.java:53)&#xA;java.base/jdk.internal.reflect.NativeMethodAccessorImpl.invoke0(Native Method)&#xA;java.base/jdk.internal.reflect.NativeMethodAccessorImpl.invoke(NativeMethodAccessorImpl.java:62)&#xA;java.base/jdk.internal.reflect.DelegatingMethodAccessorImpl.invoke(DelegatingMethodAccessorImpl.java:43)&#xA;java.base/java.lang.reflect.Method.invoke(Method.java:566)&#xA;com.thoughtworks.gauge.execution.MethodExecutor.execute(MethodExecutor.java:38)&#xA;com.thoughtworks.gauge.execution.HooksExecutor$TaggedHookExecutor.executeHook(HooksExecutor.java:100)&#xA;com.thoughtworks.gauge.execution.HooksExecutor$TaggedHookExecutor.execute(HooksExecutor.java:88)&#xA;com.thoughtworks.gauge.execution.HooksExecutor.execute(HooksExecutor.java:45)&#xA;com.thoughtworks.gauge.processor.MethodExecutionMessageProcessor.executeHooks(MethodExecutionMessageProcessor.java:65)&#xA;com.thoughtworks.gauge.processor.ScenarioExecutionStartingProcessor.process(ScenarioExecutionStartingProcessor.java:34)&#xA;com.thoughtworks.gauge.connection.MessageDispatcher.dispatchMessages(MessageDispatcher.java:83)&#xA;com.thoughtworks.gauge.GaugeRuntime.dispatchMessages(GaugeRuntime.java:124)&#xA;com.thoughtworks.gauge.GaugeRuntime.lambda$connectSynchronously$1(GaugeRuntime.java:106)&#xA;java.base/java.lang.Thread.run(Thread.java:834)&#xA;</failure>
		</testcase>
		<testcase classname="Private raw smart contract when signed using the eth_signTransaction API" name="When there&#39;s an update, privacy is still enforced" time="0.000">
			<failure message="When there&#39;s an update, privacy is still enforced&#xA;Scenario Pre Hook Failure: &#39;java.lang.IllegalArgumentException: Can&#39;t find node Node1 in the configuration&#39;" type="When there&#39;s an update, privacy is still enforced&#xA;Scenario Pre Hook Failure: &#39;java.lang.IllegalArgumentException: Can&#39;t find node Node1 in the configuration&#39;">com.quorum.gauge.services.QuorumNodeConnectionFactory.getWeb3jService(QuorumNodeConnectionFactory.java:51)&#xA;com.quorum.gauge.services.QuorumNodeConnectionFactory.getWeb3jConnection(QuorumNodeConnectionFactory.java:45)&#xA;com.quorum.gauge.services.UtilService.getCurrentBlockNumberFrom(UtilService.java:42)&#xA;com.quorum.gauge.services.UtilService.getCurrentBlockNumber(UtilService.java:38)&#xA;com.quorum.gauge.core.ExecutionHooks.saveCurrentBlockNumber(ExecutionHooks.java:53)&#xA;java.base/jdk.internal.reflect.NativeMethodAccessorImpl.invoke0(Native Method)&#xA;java.base/jdk.internal.reflect.NativeMethodAccessorImpl.invoke(NativeMethodAccessorImpl.java:62)&#xA;java.base/jdk.internal.reflect.DelegatingMethodAccessorImpl.invoke(DelegatingMethodAccessorImpl.java:43)&#xA;java.base/java.lang.reflect.Method.invoke(Method.java:566)&#xA;com.thoughtworks.gauge.execution.MethodExecutor.execute(MethodExecutor.java:38)&#xA;com.thoughtworks.gauge.execution.HooksExecutor$TaggedHookExecutor.executeHook(HooksExecutor.java:100)&#xA;com.thoughtworks.gauge.execution.HooksExecutor$TaggedHookExecutor.execute(HooksExecutor.java:88)&#xA;com.thoughtworks.gauge.execution.HooksExecutor.execute(HooksExecutor.java:45)&#xA;com.thoughtworks.gauge.processor.MethodExecutionMessageProcessor.executeHooks(MethodExecutionMessageProcessor.java:65)&#xA;com.thoughtworks.gauge.processor.ScenarioExecutionStartingProcessor.process(ScenarioExecutionStartingProcessor.java:34)&#xA;com.thoughtworks.gauge.connection.MessageDispatcher.dispatchMessages(MessageDispatcher.java:83)&#xA;com.thoughtworks.gauge.GaugeRuntime.dispatchMessages(GaugeRuntime.java:124)&#xA;com.thoughtworks.gauge.GaugeRuntime.lambda$connectSynchronously$1(GaugeRuntime.java:106)&#xA;java.base/java.lang.Thread.run(Thread.java:834)&#xA;</failure>
		</testcase>
		<system-out></system-out>
		<system-err></system-err>
	</testsuite>
	<testsuite id="9" tests="3" failures="3" package="/home/travis/build/jpmorganchase/quorum-acceptance-tests/src/specs/01_basic/externally_signed_public_raw_smart_contract_single.spec" time="0.002" timestamp="2020-02-16T19:41:03" name="Public raw smart contract when signed externally" errors="0" hostname="travis-job-79c52366-f7a1-4c21-8d26-1087ff0a07f7">
		<properties></properties>
		<testcase classname="Public raw smart contract when signed externally" name="Contract is deployed and mined" time="0.000">
			<failure message="Contract is deployed and mined&#xA;Scenario Pre Hook Failure: &#39;java.lang.IllegalArgumentException: Can&#39;t find node Node1 in the configuration&#39;" type="Contract is deployed and mined&#xA;Scenario Pre Hook Failure: &#39;java.lang.IllegalArgumentException: Can&#39;t find node Node1 in the configuration&#39;">com.quorum.gauge.services.QuorumNodeConnectionFactory.getWeb3jService(QuorumNodeConnectionFactory.java:51)&#xA;com.quorum.gauge.services.QuorumNodeConnectionFactory.getWeb3jConnection(QuorumNodeConnectionFactory.java:45)&#xA;com.quorum.gauge.services.UtilService.getCurrentBlockNumberFrom(UtilService.java:42)&#xA;com.quorum.gauge.services.UtilService.getCurrentBlockNumber(UtilService.java:38)&#xA;com.quorum.gauge.core.ExecutionHooks.saveCurrentBlockNumber(ExecutionHooks.java:53)&#xA;java.base/jdk.internal.reflect.NativeMethodAccessorImpl.invoke0(Native Method)&#xA;java.base/jdk.internal.reflect.NativeMethodAccessorImpl.invoke(NativeMethodAccessorImpl.java:62)&#xA;java.base/jdk.internal.reflect.DelegatingMethodAccessorImpl.invoke(DelegatingMethodAccessorImpl.java:43)&#xA;java.base/java.lang.reflect.Method.invoke(Method.java:566)&#xA;com.thoughtworks.gauge.execution.MethodExecutor.execute(MethodExecutor.java:38)&#xA;com.thoughtworks.gauge.execution.HooksExecutor$TaggedHookExecutor.executeHook(HooksExecutor.java:100)&#xA;com.thoughtworks.gauge.execution.HooksExecutor$TaggedHookExecutor.execute(HooksExecutor.java:88)&#xA;com.thoughtworks.gauge.execution.HooksExecutor.execute(HooksExecutor.java:45)&#xA;com.thoughtworks.gauge.processor.MethodExecutionMessageProcessor.executeHooks(MethodExecutionMessageProcessor.java:65)&#xA;com.thoughtworks.gauge.processor.ScenarioExecutionStartingProcessor.process(ScenarioExecutionStartingProcessor.java:34)&#xA;com.thoughtworks.gauge.connection.MessageDispatcher.dispatchMessages(MessageDispatcher.java:83)&#xA;com.thoughtworks.gauge.GaugeRuntime.dispatchMessages(GaugeRuntime.java:124)&#xA;com.thoughtworks.gauge.GaugeRuntime.lambda$connectSynchronously$1(GaugeRuntime.java:106)&#xA;java.base/java.lang.Thread.run(Thread.java:834)&#xA;</failure>
		</testcase>
		<testcase classname="Public raw smart contract when signed externally" name="Everyone in the network has the same state for the contract" time="0.002">
			<failure message="Everyone in the network has the same state for the contract&#xA;Scenario Pre Hook Failure: &#39;java.lang.IllegalArgumentException: Can&#39;t find node Node1 in the configuration&#39;" type="Everyone in the network has the same state for the contract&#xA;Scenario Pre Hook Failure: &#39;java.lang.IllegalArgumentException: Can&#39;t find node Node1 in the configuration&#39;">com.quorum.gauge.services.QuorumNodeConnectionFactory.getWeb3jService(QuorumNodeConnectionFactory.java:51)&#xA;com.quorum.gauge.services.QuorumNodeConnectionFactory.getWeb3jConnection(QuorumNodeConnectionFactory.java:45)&#xA;com.quorum.gauge.services.UtilService.getCurrentBlockNumberFrom(UtilService.java:42)&#xA;com.quorum.gauge.services.UtilService.getCurrentBlockNumber(UtilService.java:38)&#xA;com.quorum.gauge.core.ExecutionHooks.saveCurrentBlockNumber(ExecutionHooks.java:53)&#xA;java.base/jdk.internal.reflect.NativeMethodAccessorImpl.invoke0(Native Method)&#xA;java.base/jdk.internal.reflect.NativeMethodAccessorImpl.invoke(NativeMethodAccessorImpl.java:62)&#xA;java.base/jdk.internal.reflect.DelegatingMethodAccessorImpl.invoke(DelegatingMethodAccessorImpl.java:43)&#xA;java.base/java.lang.reflect.Method.invoke(Method.java:566)&#xA;com.thoughtworks.gauge.execution.MethodExecutor.execute(MethodExecutor.java:38)&#xA;com.thoughtworks.gauge.execution.HooksExecutor$TaggedHookExecutor.executeHook(HooksExecutor.java:100)&#xA;com.thoughtworks.gauge.execution.HooksExecutor$TaggedHookExecutor.execute(HooksExecutor.java:88)&#xA;com.thoughtworks.gauge.execution.HooksExecutor.execute(HooksExecutor.java:45)&#xA;com.thoughtworks.gauge.processor.MethodExecutionMessageProcessor.executeHooks(MethodExecutionMessageProcessor.java:65)&#xA;com.thoughtworks.gauge.processor.ScenarioExecutionStartingProcessor.process(ScenarioExecutionStartingProcessor.java:34)&#xA;com.thoughtworks.gauge.connection.MessageDispatcher.dispatchMessages(MessageDispatcher.java:83)&#xA;com.thoughtworks.gauge.GaugeRuntime.dispatchMessages(GaugeRuntime.java:124)&#xA;com.thoughtworks.gauge.GaugeRuntime.lambda$connectSynchronously$1(GaugeRuntime.java:106)&#xA;java.base/java.lang.Thread.run(Thread.java:834)&#xA;</failure>
		</testcase>
		<testcase classname="Public raw smart contract when signed externally" name="When there&#39;s an update, every node is updated" time="0.000">
			<failure message="When there&#39;s an update, every node is updated&#xA;Scenario Pre Hook Failure: &#39;java.lang.IllegalArgumentException: Can&#39;t find node Node1 in the configuration&#39;" type="When there&#39;s an update, every node is updated&#xA;Scenario Pre Hook Failure: &#39;java.lang.IllegalArgumentException: Can&#39;t find node Node1 in the configuration&#39;">com.quorum.gauge.services.QuorumNodeConnectionFactory.getWeb3jService(QuorumNodeConnectionFactory.java:51)&#xA;com.quorum.gauge.services.QuorumNodeConnectionFactory.getWeb3jConnection(QuorumNodeConnectionFactory.java:45)&#xA;com.quorum.gauge.services.UtilService.getCurrentBlockNumberFrom(UtilService.java:42)&#xA;com.quorum.gauge.services.UtilService.getCurrentBlockNumber(UtilService.java:38)&#xA;com.quorum.gauge.core.ExecutionHooks.saveCurrentBlockNumber(ExecutionHooks.java:53)&#xA;jdk.internal.reflect.GeneratedMethodAccessor31.invoke(Unknown Source)&#xA;java.base/jdk.internal.reflect.DelegatingMethodAccessorImpl.invoke(DelegatingMethodAccessorImpl.java:43)&#xA;java.base/java.lang.reflect.Method.invoke(Method.java:566)&#xA;com.thoughtworks.gauge.execution.MethodExecutor.execute(MethodExecutor.java:38)&#xA;com.thoughtworks.gauge.execution.HooksExecutor$TaggedHookExecutor.executeHook(HooksExecutor.java:100)&#xA;com.thoughtworks.gauge.execution.HooksExecutor$TaggedHookExecutor.execute(HooksExecutor.java:88)&#xA;com.thoughtworks.gauge.execution.HooksExecutor.execute(HooksExecutor.java:45)&#xA;com.thoughtworks.gauge.processor.MethodExecutionMessageProcessor.executeHooks(MethodExecutionMessageProcessor.java:65)&#xA;com.thoughtworks.gauge.processor.ScenarioExecutionStartingProcessor.process(ScenarioExecutionStartingProcessor.java:34)&#xA;com.thoughtworks.gauge.connection.MessageDispatcher.dispatchMessages(MessageDispatcher.java:83)&#xA;com.thoughtworks.gauge.GaugeRuntime.dispatchMessages(GaugeRuntime.java:124)&#xA;com.thoughtworks.gauge.GaugeRuntime.lambda$connectSynchronously$1(GaugeRuntime.java:106)&#xA;java.base/java.lang.Thread.run(Thread.java:834)&#xA;</failure>
		</testcase>
		<system-out></system-out>
		<system-err></system-err>
	</testsuite>
	<testsuite id="10" tests="2" failures="2" package="/home/travis/build/jpmorganchase/quorum-acceptance-tests/src/specs/01_basic/private_smart_contract_async.spec" time="0.001" timestamp="2020-02-16T19:41:03" name="Sending private smart contract asynchronously" errors="0" hostname="travis-job-79c52366-f7a1-4c21-8d26-1087ff0a07f7">
		<properties></properties>
		<testcase classname="Sending private smart contract asynchronously" name="Contract is successfully mined with valid account" time="0.000">
			<failure message="Contract is successfully mined with valid account&#xA;Scenario Pre Hook Failure: &#39;java.lang.IllegalArgumentException: Can&#39;t find node Node1 in the configuration&#39;" type="Contract is successfully mined with valid account&#xA;Scenario Pre Hook Failure: &#39;java.lang.IllegalArgumentException: Can&#39;t find node Node1 in the configuration&#39;">com.quorum.gauge.services.QuorumNodeConnectionFactory.getWeb3jService(QuorumNodeConnectionFactory.java:51)&#xA;com.quorum.gauge.services.QuorumNodeConnectionFactory.getWeb3jConnection(QuorumNodeConnectionFactory.java:45)&#xA;com.quorum.gauge.services.UtilService.getCurrentBlockNumberFrom(UtilService.java:42)&#xA;com.quorum.gauge.services.UtilService.getCurrentBlockNumber(UtilService.java:38)&#xA;com.quorum.gauge.core.ExecutionHooks.saveCurrentBlockNumber(ExecutionHooks.java:53)&#xA;jdk.internal.reflect.GeneratedMethodAccessor31.invoke(Unknown Source)&#xA;java.base/jdk.internal.reflect.DelegatingMethodAccessorImpl.invoke(DelegatingMethodAccessorImpl.java:43)&#xA;java.base/java.lang.reflect.Method.invoke(Method.java:566)&#xA;com.thoughtworks.gauge.execution.MethodExecutor.execute(MethodExecutor.java:38)&#xA;com.thoughtworks.gauge.execution.HooksExecutor$TaggedHookExecutor.executeHook(HooksExecutor.java:100)&#xA;com.thoughtworks.gauge.execution.HooksExecutor$TaggedHookExecutor.execute(HooksExecutor.java:88)&#xA;com.thoughtworks.gauge.execution.HooksExecutor.execute(HooksExecutor.java:45)&#xA;com.thoughtworks.gauge.processor.MethodExecutionMessageProcessor.executeHooks(MethodExecutionMessageProcessor.java:65)&#xA;com.thoughtworks.gauge.processor.ScenarioExecutionStartingProcessor.process(ScenarioExecutionStartingProcessor.java:34)&#xA;com.thoughtworks.gauge.connection.MessageDispatcher.dispatchMessages(MessageDispatcher.java:83)&#xA;com.thoughtworks.gauge.GaugeRuntime.dispatchMessages(GaugeRuntime.java:124)&#xA;com.thoughtworks.gauge.GaugeRuntime.lambda$connectSynchronously$1(GaugeRuntime.java:106)&#xA;java.base/java.lang.Thread.run(Thread.java:834)&#xA;</failure>
		</testcase>
		<testcase classname="Sending private smart contract asynchronously" name="Contract is not mined with non-existed account" time="0.001">
			<failure message="Contract is not mined with non-existed account&#xA;Scenario Pre Hook Failure: &#39;java.lang.IllegalArgumentException: Can&#39;t find node Node1 in the configuration&#39;" type="Contract is not mined with non-existed account&#xA;Scenario Pre Hook Failure: &#39;java.lang.IllegalArgumentException: Can&#39;t find node Node1 in the configuration&#39;">com.quorum.gauge.services.QuorumNodeConnectionFactory.getWeb3jService(QuorumNodeConnectionFactory.java:51)&#xA;com.quorum.gauge.services.QuorumNodeConnectionFactory.getWeb3jConnection(QuorumNodeConnectionFactory.java:45)&#xA;com.quorum.gauge.services.UtilService.getCurrentBlockNumberFrom(UtilService.java:42)&#xA;com.quorum.gauge.services.UtilService.getCurrentBlockNumber(UtilService.java:38)&#xA;com.quorum.gauge.core.ExecutionHooks.saveCurrentBlockNumber(ExecutionHooks.java:53)&#xA;jdk.internal.reflect.GeneratedMethodAccessor31.invoke(Unknown Source)&#xA;java.base/jdk.internal.reflect.DelegatingMethodAccessorImpl.invoke(DelegatingMethodAccessorImpl.java:43)&#xA;java.base/java.lang.reflect.Method.invoke(Method.java:566)&#xA;com.thoughtworks.gauge.execution.MethodExecutor.execute(MethodExecutor.java:38)&#xA;com.thoughtworks.gauge.execution.HooksExecutor$TaggedHookExecutor.executeHook(HooksExecutor.java:100)&#xA;com.thoughtworks.gauge.execution.HooksExecutor$TaggedHookExecutor.execute(HooksExecutor.java:88)&#xA;com.thoughtworks.gauge.execution.HooksExecutor.execute(HooksExecutor.java:45)&#xA;com.thoughtworks.gauge.processor.MethodExecutionMessageProcessor.executeHooks(MethodExecutionMessageProcessor.java:65)&#xA;com.thoughtworks.gauge.processor.ScenarioExecutionStartingProcessor.process(ScenarioExecutionStartingProcessor.java:34)&#xA;com.thoughtworks.gauge.connection.MessageDispatcher.dispatchMessages(MessageDispatcher.java:83)&#xA;com.thoughtworks.gauge.GaugeRuntime.dispatchMessages(GaugeRuntime.java:124)&#xA;com.thoughtworks.gauge.GaugeRuntime.lambda$connectSynchronously$1(GaugeRuntime.java:106)&#xA;java.base/java.lang.Thread.run(Thread.java:834)&#xA;</failure>
		</testcase>
		<system-out></system-out>
		<system-err></system-err>
	</testsuite>
	<testsuite id="11" tests="1" failures="1" package="/home/travis/build/jpmorganchase/quorum-acceptance-tests/src/specs/01_basic/private_smart_contract_multiple.spec" time="0.000" timestamp="2020-02-16T19:41:03" name="Multiple private smart contracts" errors="0" hostname="travis-job-79c52366-f7a1-4c21-8d26-1087ff0a07f7">
		<properties></properties>
		<testcase classname="Multiple private smart contracts" name="Contracts are mined" time="0.000">
			<failure message="Contracts are mined&#xA;Scenario Pre Hook Failure: &#39;java.lang.IllegalArgumentException: Can&#39;t find node Node1 in the configuration&#39;" type="Contracts are mined&#xA;Scenario Pre Hook Failure: &#39;java.lang.IllegalArgumentException: Can&#39;t find node Node1 in the configuration&#39;">com.quorum.gauge.services.QuorumNodeConnectionFactory.getWeb3jService(QuorumNodeConnectionFactory.java:51)&#xA;com.quorum.gauge.services.QuorumNodeConnectionFactory.getWeb3jConnection(QuorumNodeConnectionFactory.java:45)&#xA;com.quorum.gauge.services.UtilService.getCurrentBlockNumberFrom(UtilService.java:42)&#xA;com.quorum.gauge.services.UtilService.getCurrentBlockNumber(UtilService.java:38)&#xA;com.quorum.gauge.core.ExecutionHooks.saveCurrentBlockNumber(ExecutionHooks.java:53)&#xA;jdk.internal.reflect.GeneratedMethodAccessor31.invoke(Unknown Source)&#xA;java.base/jdk.internal.reflect.DelegatingMethodAccessorImpl.invoke(DelegatingMethodAccessorImpl.java:43)&#xA;java.base/java.lang.reflect.Method.invoke(Method.java:566)&#xA;com.thoughtworks.gauge.execution.MethodExecutor.execute(MethodExecutor.java:38)&#xA;com.thoughtworks.gauge.execution.HooksExecutor$TaggedHookExecutor.executeHook(HooksExecutor.java:100)&#xA;com.thoughtworks.gauge.execution.HooksExecutor$TaggedHookExecutor.execute(HooksExecutor.java:88)&#xA;com.thoughtworks.gauge.execution.HooksExecutor.execute(HooksExecutor.java:45)&#xA;com.thoughtworks.gauge.processor.MethodExecutionMessageProcessor.executeHooks(MethodExecutionMessageProcessor.java:65)&#xA;com.thoughtworks.gauge.processor.ScenarioExecutionStartingProcessor.process(ScenarioExecutionStartingProcessor.java:34)&#xA;com.thoughtworks.gauge.connection.MessageDispatcher.dispatchMessages(MessageDispatcher.java:83)&#xA;com.thoughtworks.gauge.GaugeRuntime.dispatchMessages(GaugeRuntime.java:124)&#xA;com.thoughtworks.gauge.GaugeRuntime.lambda$connectSynchronously$1(GaugeRuntime.java:106)&#xA;java.base/java.lang.Thread.run(Thread.java:834)&#xA;</failure>
		</testcase>
		<system-out></system-out>
		<system-err></system-err>
	</testsuite>
	<testsuite id="12" tests="1" failures="0" package="/home/travis/build/jpmorganchase/quorum-acceptance-tests/src/specs/01_basic/private_smart_contract_state_manipulation.spec" time="0.000" timestamp="2020-02-16T19:41:03" name="State manipulation in private smart contract" errors="0" skipped="1" hostname="travis-job-79c52366-f7a1-4c21-8d26-1087ff0a07f7">
		<properties></properties>
		<testcase classname="State manipulation in private smart contract" name="Private state is maintained" time="0.000">
			<skipped message="/home/travis/build/jpmorganchase/quorum-acceptance-tests/src/specs/01_basic/private_smart_contract_state_manipulation.spec:27 Step implementation not found =&gt; &#39;Note: this step is not implemented indicating that the spec execution is temporarily skipped&#39;"></skipped>
		</testcase>
		<system-out></system-out>
		<system-err>Validation failed, 1 Scenarios were skipped.</system-err>
	</testsuite>
	<testsuite id="13" tests="1" failures="0" package="/home/travis/build/jpmorganchase/quorum-acceptance-tests/src/specs/02_advanced/private_transaction_bloom_section.spec" time="0.000" timestamp="2020-02-16T19:41:03" name="Private smart contract with event in the next bloom bit section" errors="0" skipped="1" hostname="travis-job-79c52366-f7a1-4c21-8d26-1087ff0a07f7">
		<properties></properties>
		<testcase classname="Private smart contract with event in the next bloom bit section" name="Log events are **only** captured in participated parties when executing the contract" time="0.000">
			<skipped message="/home/travis/build/jpmorganchase/quorum-acceptance-tests/src/specs/02_advanced/private_transaction_bloom_section.spec:28 Step implementation not found =&gt; &#39;Note: this spec requires a revisit due to high block number setup&#39;"></skipped>
		</testcase>
		<system-out></system-out>
		<system-err>Validation failed, 1 Scenarios were skipped.</system-err>
	</testsuite>
	<testsuite id="14" tests="3" failures="3" package="/home/travis/build/jpmorganchase/quorum-acceptance-tests/src/specs/01_basic/estimate_gas.spec" time="0.003" timestamp="2020-02-16T19:41:03" name="Estimate gas required for transactions and contracts" errors="0" hostname="travis-job-79c52366-f7a1-4c21-8d26-1087ff0a07f7">
		<properties></properties>
		<testcase classname="Estimate gas required for transactions and contracts" name="Estimate gas required for public transaction" time="0.003">
			<failure message="Estimate gas required for public transaction&#xA;Scenario Pre Hook Failure: &#39;java.lang.IllegalArgumentException: Can&#39;t find node Node1 in the configuration&#39;" type="Estimate gas required for public transaction&#xA;Scenario Pre Hook Failure: &#39;java.lang.IllegalArgumentException: Can&#39;t find node Node1 in the configuration&#39;">com.quorum.gauge.services.QuorumNodeConnectionFactory.getWeb3jService(QuorumNodeConnectionFactory.java:51)&#xA;com.quorum.gauge.services.QuorumNodeConnectionFactory.getWeb3jConnection(QuorumNodeConnectionFactory.java:45)&#xA;com.quorum.gauge.services.UtilService.getCurrentBlockNumberFrom(UtilService.java:42)&#xA;com.quorum.gauge.services.UtilService.getCurrentBlockNumber(UtilService.java:38)&#xA;com.quorum.gauge.core.ExecutionHooks.saveCurrentBlockNumber(ExecutionHooks.java:53)&#xA;java.base/jdk.internal.reflect.NativeMethodAccessorImpl.invoke0(Native Method)&#xA;java.base/jdk.internal.reflect.NativeMethodAccessorImpl.invoke(NativeMethodAccessorImpl.java:62)&#xA;java.base/jdk.internal.reflect.DelegatingMethodAccessorImpl.invoke(DelegatingMethodAccessorImpl.java:43)&#xA;java.base/java.lang.reflect.Method.invoke(Method.java:566)&#xA;com.thoughtworks.gauge.execution.MethodExecutor.execute(MethodExecutor.java:38)&#xA;com.thoughtworks.gauge.execution.HooksExecutor$TaggedHookExecutor.executeHook(HooksExecutor.java:100)&#xA;com.thoughtworks.gauge.execution.HooksExecutor$TaggedHookExecutor.execute(HooksExecutor.java:88)&#xA;com.thoughtworks.gauge.execution.HooksExecutor.execute(HooksExecutor.java:45)&#xA;com.thoughtworks.gauge.processor.MethodExecutionMessageProcessor.executeHooks(MethodExecutionMessageProcessor.java:65)&#xA;com.thoughtworks.gauge.processor.ScenarioExecutionStartingProcessor.process(ScenarioExecutionStartingProcessor.java:34)&#xA;com.thoughtworks.gauge.connection.MessageDispatcher.dispatchMessages(MessageDispatcher.java:83)&#xA;com.thoughtworks.gauge.GaugeRuntime.dispatchMessages(GaugeRuntime.java:124)&#xA;com.thoughtworks.gauge.GaugeRuntime.lambda$connectSynchronously$1(GaugeRuntime.java:106)&#xA;java.base/java.lang.Thread.run(Thread.java:834)&#xA;</failure>
		</testcase>
		<testcase classname="Estimate gas required for transactions and contracts" name="Estimate gas required to create public smart contract" time="0.000">
			<failure message="Estimate gas required to create public smart contract&#xA;Scenario Pre Hook Failure: &#39;java.lang.IllegalArgumentException: Can&#39;t find node Node1 in the configuration&#39;" type="Estimate gas required to create public smart contract&#xA;Scenario Pre Hook Failure: &#39;java.lang.IllegalArgumentException: Can&#39;t find node Node1 in the configuration&#39;">com.quorum.gauge.services.QuorumNodeConnectionFactory.getWeb3jService(QuorumNodeConnectionFactory.java:51)&#xA;com.quorum.gauge.services.QuorumNodeConnectionFactory.getWeb3jConnection(QuorumNodeConnectionFactory.java:45)&#xA;com.quorum.gauge.services.UtilService.getCurrentBlockNumberFrom(UtilService.java:42)&#xA;com.quorum.gauge.services.UtilService.getCurrentBlockNumber(UtilService.java:38)&#xA;com.quorum.gauge.core.ExecutionHooks.saveCurrentBlockNumber(ExecutionHooks.java:53)&#xA;java.base/jdk.internal.reflect.NativeMethodAccessorImpl.invoke0(Native Method)&#xA;java.base/jdk.internal.reflect.NativeMethodAccessorImpl.invoke(NativeMethodAccessorImpl.java:62)&#xA;java.base/jdk.internal.reflect.DelegatingMethodAccessorImpl.invoke(DelegatingMethodAccessorImpl.java:43)&#xA;java.base/java.lang.reflect.Method.invoke(Method.java:566)&#xA;com.thoughtworks.gauge.execution.MethodExecutor.execute(MethodExecutor.java:38)&#xA;com.thoughtworks.gauge.execution.HooksExecutor$TaggedHookExecutor.executeHook(HooksExecutor.java:100)&#xA;com.thoughtworks.gauge.execution.HooksExecutor$TaggedHookExecutor.execute(HooksExecutor.java:88)&#xA;com.thoughtworks.gauge.execution.HooksExecutor.execute(HooksExecutor.java:45)&#xA;com.thoughtworks.gauge.processor.MethodExecutionMessageProcessor.executeHooks(MethodExecutionMessageProcessor.java:65)&#xA;com.thoughtworks.gauge.processor.ScenarioExecutionStartingProcessor.process(ScenarioExecutionStartingProcessor.java:34)&#xA;com.thoughtworks.gauge.connection.MessageDispatcher.dispatchMessages(MessageDispatcher.java:83)&#xA;com.thoughtworks.gauge.GaugeRuntime.dispatchMessages(GaugeRuntime.java:124)&#xA;com.thoughtworks.gauge.GaugeRuntime.lambda$connectSynchronously$1(GaugeRuntime.java:106)&#xA;java.base/java.lang.Thread.run(Thread.java:834)&#xA;</failure>
		</testcase>
		<testcase classname="Estimate gas required for transactions and contracts" name="Estimate gas required to call a public smart contract" time="0.000">
			<failure message="Estimate gas required to call a public smart contract&#xA;Scenario Pre Hook Failure: &#39;java.lang.IllegalArgumentException: Can&#39;t find node Node1 in the configuration&#39;" type="Estimate gas required to call a public smart contract&#xA;Scenario Pre Hook Failure: &#39;java.lang.IllegalArgumentException: Can&#39;t find node Node1 in the configuration&#39;">com.quorum.gauge.services.QuorumNodeConnectionFactory.getWeb3jService(QuorumNodeConnectionFactory.java:51)&#xA;com.quorum.gauge.services.QuorumNodeConnectionFactory.getWeb3jConnection(QuorumNodeConnectionFactory.java:45)&#xA;com.quorum.gauge.services.UtilService.getCurrentBlockNumberFrom(UtilService.java:42)&#xA;com.quorum.gauge.services.UtilService.getCurrentBlockNumber(UtilService.java:38)&#xA;com.quorum.gauge.core.ExecutionHooks.saveCurrentBlockNumber(ExecutionHooks.java:53)&#xA;java.base/jdk.internal.reflect.NativeMethodAccessorImpl.invoke0(Native Method)&#xA;java.base/jdk.internal.reflect.NativeMethodAccessorImpl.invoke(NativeMethodAccessorImpl.java:62)&#xA;java.base/jdk.internal.reflect.DelegatingMethodAccessorImpl.invoke(DelegatingMethodAccessorImpl.java:43)&#xA;java.base/java.lang.reflect.Method.invoke(Method.java:566)&#xA;com.thoughtworks.gauge.execution.MethodExecutor.execute(MethodExecutor.java:38)&#xA;com.thoughtworks.gauge.execution.HooksExecutor$TaggedHookExecutor.executeHook(HooksExecutor.java:100)&#xA;com.thoughtworks.gauge.execution.HooksExecutor$TaggedHookExecutor.execute(HooksExecutor.java:88)&#xA;com.thoughtworks.gauge.execution.HooksExecutor.execute(HooksExecutor.java:45)&#xA;com.thoughtworks.gauge.processor.MethodExecutionMessageProcessor.executeHooks(MethodExecutionMessageProcessor.java:65)&#xA;com.thoughtworks.gauge.processor.ScenarioExecutionStartingProcessor.process(ScenarioExecutionStartingProcessor.java:34)&#xA;com.thoughtworks.gauge.connection.MessageDispatcher.dispatchMessages(MessageDispatcher.java:83)&#xA;com.thoughtworks.gauge.GaugeRuntime.dispatchMessages(GaugeRuntime.java:124)&#xA;com.thoughtworks.gauge.GaugeRuntime.lambda$connectSynchronously$1(GaugeRuntime.java:106)&#xA;java.base/java.lang.Thread.run(Thread.java:834)&#xA;</failure>
		</testcase>
		<system-out></system-out>
[...]
		<properties></properties>
		<testcase classname="Private smart contract with event" name="Log events in total are **only** captured in participated parties when executing the contract" time="0.000">
			<failure message="Log events in total are **only** captured in participated parties when executing the contract&#xA;Scenario Pre Hook Failure: &#39;java.lang.IllegalArgumentException: Can&#39;t find node Node1 in the configuration&#39;" type="Log events in total are **only** captured in participated parties when executing the contract&#xA;Scenario Pre Hook Failure: &#39;java.lang.IllegalArgumentException: Can&#39;t find node Node1 in the configuration&#39;">com.quorum.gauge.services.QuorumNodeConnectionFactory.getWeb3jService(QuorumNodeConnectionFactory.java:51)&#xA;com.quorum.gauge.services.QuorumNodeConnectionFactory.getWeb3jConnection(QuorumNodeConnectionFactory.java:45)&#xA;com.quorum.gauge.services.UtilService.getCurrentBlockNumberFrom(UtilService.java:42)&#xA;com.quorum.gauge.services.UtilService.getCurrentBlockNumber(UtilService.java:38)&#xA;com.quorum.gauge.core.ExecutionHooks.saveCurrentBlockNumber(ExecutionHooks.java:53)&#xA;jdk.internal.reflect.GeneratedMethodAccessor31.invoke(Unknown Source)&#xA;java.base/jdk.internal.reflect.DelegatingMethodAccessorImpl.invoke(DelegatingMethodAccessorImpl.java:43)&#xA;java.base/java.lang.reflect.Method.invoke(Method.java:566)&#xA;com.thoughtworks.gauge.execution.MethodExecutor.execute(MethodExecutor.java:38)&#xA;com.thoughtworks.gauge.execution.HooksExecutor$TaggedHookExecutor.executeHook(HooksExecutor.java:100)&#xA;com.thoughtworks.gauge.execution.HooksExecutor$TaggedHookExecutor.execute(HooksExecutor.java:88)&#xA;com.thoughtworks.gauge.execution.HooksExecutor.execute(HooksExecutor.java:45)&#xA;com.thoughtworks.gauge.processor.MethodExecutionMessageProcessor.executeHooks(MethodExecutionMessageProcessor.java:65)&#xA;com.thoughtworks.gauge.processor.ScenarioExecutionStartingProcessor.process(ScenarioExecutionStartingProcessor.java:34)&#xA;com.thoughtworks.gauge.connection.MessageDispatcher.dispatchMessages(MessageDispatcher.java:83)&#xA;com.thoughtworks.gauge.GaugeRuntime.dispatchMessages(GaugeRuntime.java:124)&#xA;com.thoughtworks.gauge.GaugeRuntime.lambda$connectSynchronously$1(GaugeRuntime.java:106)&#xA;java.base/java.lang.Thread.run(Thread.java:834)&#xA;</failure>
		</testcase>
		<testcase classname="Private smart contract with event" name="Log events in the state are **only** captured in participated parties when executing the contract" time="0.000">
			<failure message="Log events in the state are **only** captured in participated parties when executing the contract&#xA;Scenario Pre Hook Failure: &#39;java.lang.IllegalArgumentException: Can&#39;t find node Node1 in the configuration&#39;" type="Log events in the state are **only** captured in participated parties when executing the contract&#xA;Scenario Pre Hook Failure: &#39;java.lang.IllegalArgumentException: Can&#39;t find node Node1 in the configuration&#39;">com.quorum.gauge.services.QuorumNodeConnectionFactory.getWeb3jService(QuorumNodeConnectionFactory.java:51)&#xA;com.quorum.gauge.services.QuorumNodeConnectionFactory.getWeb3jConnection(QuorumNodeConnectionFactory.java:45)&#xA;com.quorum.gauge.services.UtilService.getCurrentBlockNumberFrom(UtilService.java:42)&#xA;com.quorum.gauge.services.UtilService.getCurrentBlockNumber(UtilService.java:38)&#xA;com.quorum.gauge.core.ExecutionHooks.saveCurrentBlockNumber(ExecutionHooks.java:53)&#xA;jdk.internal.reflect.GeneratedMethodAccessor31.invoke(Unknown Source)&#xA;java.base/jdk.internal.reflect.DelegatingMethodAccessorImpl.invoke(DelegatingMethodAccessorImpl.java:43)&#xA;java.base/java.lang.reflect.Method.invoke(Method.java:566)&#xA;com.thoughtworks.gauge.execution.MethodExecutor.execute(MethodExecutor.java:38)&#xA;com.thoughtworks.gauge.execution.HooksExecutor$TaggedHookExecutor.executeHook(HooksExecutor.java:100)&#xA;com.thoughtworks.gauge.execution.HooksExecutor$TaggedHookExecutor.execute(HooksExecutor.java:88)&#xA;com.thoughtworks.gauge.execution.HooksExecutor.execute(HooksExecutor.java:45)&#xA;com.thoughtworks.gauge.processor.MethodExecutionMessageProcessor.executeHooks(MethodExecutionMessageProcessor.java:65)&#xA;com.thoughtworks.gauge.processor.ScenarioExecutionStartingProcessor.process(ScenarioExecutionStartingProcessor.java:34)&#xA;com.thoughtworks.gauge.connection.MessageDispatcher.dispatchMessages(MessageDispatcher.java:83)&#xA;com.thoughtworks.gauge.GaugeRuntime.dispatchMessages(GaugeRuntime.java:124)&#xA;com.thoughtworks.gauge.GaugeRuntime.lambda$connectSynchronously$1(GaugeRuntime.java:106)&#xA;java.base/java.lang.Thread.run(Thread.java:834)&#xA;</failure>
		</testcase>
		<system-out></system-out>
		<system-err></system-err>
	</testsuite>
	<testsuite id="17" tests="1" failures="1" package="/home/travis/build/jpmorganchase/quorum-acceptance-tests/src/specs/01_basic/private_smart_contract_spam.spec" time="0.000" timestamp="2020-02-16T19:41:03" name="Multiple private smart contracts between nodes" errors="0" hostname="travis-job-79c52366-f7a1-4c21-8d26-1087ff0a07f7">
		<properties></properties>
		<testcase classname="Multiple private smart contracts between nodes" name="Send transactions from one node to others" time="0.000">
			<failure message="Send transactions from one node to others&#xA;Scenario Pre Hook Failure: &#39;java.lang.IllegalArgumentException: Can&#39;t find node Node1 in the configuration&#39;" type="Send transactions from one node to others&#xA;Scenario Pre Hook Failure: &#39;java.lang.IllegalArgumentException: Can&#39;t find node Node1 in the configuration&#39;">com.quorum.gauge.services.QuorumNodeConnectionFactory.getWeb3jService(QuorumNodeConnectionFactory.java:51)&#xA;com.quorum.gauge.services.QuorumNodeConnectionFactory.getWeb3jConnection(QuorumNodeConnectionFactory.java:45)&#xA;com.quorum.gauge.services.UtilService.getCurrentBlockNumberFrom(UtilService.java:42)&#xA;com.quorum.gauge.services.UtilService.getCurrentBlockNumber(UtilService.java:38)&#xA;com.quorum.gauge.core.ExecutionHooks.saveCurrentBlockNumber(ExecutionHooks.java:53)&#xA;jdk.internal.reflect.GeneratedMethodAccessor31.invoke(Unknown Source)&#xA;java.base/jdk.internal.reflect.DelegatingMethodAccessorImpl.invoke(DelegatingMethodAccessorImpl.java:43)&#xA;java.base/java.lang.reflect.Method.invoke(Method.java:566)&#xA;com.thoughtworks.gauge.execution.MethodExecutor.execute(MethodExecutor.java:38)&#xA;com.thoughtworks.gauge.execution.HooksExecutor$TaggedHookExecutor.executeHook(HooksExecutor.java:100)&#xA;com.thoughtworks.gauge.execution.HooksExecutor$TaggedHookExecutor.execute(HooksExecutor.java:88)&#xA;com.thoughtworks.gauge.execution.HooksExecutor.execute(HooksExecutor.java:45)&#xA;com.thoughtworks.gauge.processor.MethodExecutionMessageProcessor.executeHooks(MethodExecutionMessageProcessor.java:65)&#xA;com.thoughtworks.gauge.processor.ScenarioExecutionStartingProcessor.process(ScenarioExecutionStartingProcessor.java:34)&#xA;com.thoughtworks.gauge.connection.MessageDispatcher.dispatchMessages(MessageDispatcher.java:83)&#xA;com.thoughtworks.gauge.GaugeRuntime.dispatchMessages(GaugeRuntime.java:124)&#xA;com.thoughtworks.gauge.GaugeRuntime.lambda$connectSynchronously$1(GaugeRuntime.java:106)&#xA;java.base/java.lang.Thread.run(Thread.java:834)&#xA;</failure>
		</testcase>
		<system-out></system-out>
		<system-err></system-err>
	</testsuite>
	<testsuite id="18" tests="3" failures="3" package="/home/travis/build/jpmorganchase/quorum-acceptance-tests/src/specs/01_basic/raft_gas_usage.spec" time="0.001" timestamp="2020-02-16T19:41:03" name="Gas usage for private contracts on participant and non-participant nodes" errors="0" hostname="travis-job-79c52366-f7a1-4c21-8d26-1087ff0a07f7">
		<properties></properties>
		<testcase classname="Gas usage for private contracts on participant and non-participant nodes" name="Private contract with gas below intrinsic gas should be rejected (and not remain pending)." time="0.001">
			<failure message="Private contract with gas below intrinsic gas should be rejected (and not remain pending).&#xA;Scenario Pre Hook Failure: &#39;java.lang.IllegalArgumentException: Can&#39;t find node Node1 in the configuration&#39;" type="Private contract with gas below intrinsic gas should be rejected (and not remain pending).&#xA;Scenario Pre Hook Failure: &#39;java.lang.IllegalArgumentException: Can&#39;t find node Node1 in the configuration&#39;">com.quorum.gauge.services.QuorumNodeConnectionFactory.getWeb3jService(QuorumNodeConnectionFactory.java:51)&#xA;com.quorum.gauge.services.QuorumNodeConnectionFactory.getWeb3jConnection(QuorumNodeConnectionFactory.java:45)&#xA;com.quorum.gauge.services.UtilService.getCurrentBlockNumberFrom(UtilService.java:42)&#xA;com.quorum.gauge.services.UtilService.getCurrentBlockNumber(UtilService.java:38)&#xA;com.quorum.gauge.core.ExecutionHooks.saveCurrentBlockNumber(ExecutionHooks.java:53)&#xA;jdk.internal.reflect.GeneratedMethodAccessor31.invoke(Unknown Source)&#xA;java.base/jdk.internal.reflect.DelegatingMethodAccessorImpl.invoke(DelegatingMethodAccessorImpl.java:43)&#xA;java.base/java.lang.reflect.Method.invoke(Method.java:566)&#xA;com.thoughtworks.gauge.execution.MethodExecutor.execute(MethodExecutor.java:38)&#xA;com.thoughtworks.gauge.execution.HooksExecutor$TaggedHookExecutor.executeHook(HooksExecutor.java:100)&#xA;com.thoughtworks.gauge.execution.HooksExecutor$TaggedHookExecutor.execute(HooksExecutor.java:88)&#xA;com.thoughtworks.gauge.execution.HooksExecutor.execute(HooksExecutor.java:45)&#xA;com.thoughtworks.gauge.processor.MethodExecutionMessageProcessor.executeHooks(MethodExecutionMessageProcessor.java:65)&#xA;com.thoughtworks.gauge.processor.ScenarioExecutionStartingProcessor.process(ScenarioExecutionStartingProcessor.java:34)&#xA;com.thoughtworks.gauge.connection.MessageDispatcher.dispatchMessages(MessageDispatcher.java:83)&#xA;com.thoughtworks.gauge.GaugeRuntime.dispatchMessages(GaugeRuntime.java:124)&#xA;com.thoughtworks.gauge.GaugeRuntime.lambda$connectSynchronously$1(GaugeRuntime.java:106)&#xA;java.base/java.lang.Thread.run(Thread.java:834)&#xA;</failure>
		</testcase>
		<testcase classname="Gas usage for private contracts on participant and non-participant nodes" name="Private contract with gas between intrinsic gas and required gas should be rejected (and not remain pending)." time="0.000">
			<failure message="Private contract with gas between intrinsic gas and required gas should be rejected (and not remain pending).&#xA;Scenario Pre Hook Failure: &#39;java.lang.IllegalArgumentException: Can&#39;t find node Node1 in the configuration&#39;" type="Private contract with gas between intrinsic gas and required gas should be rejected (and not remain pending).&#xA;Scenario Pre Hook Failure: &#39;java.lang.IllegalArgumentException: Can&#39;t find node Node1 in the configuration&#39;">com.quorum.gauge.services.QuorumNodeConnectionFactory.getWeb3jService(QuorumNodeConnectionFactory.java:51)&#xA;com.quorum.gauge.services.QuorumNodeConnectionFactory.getWeb3jConnection(QuorumNodeConnectionFactory.java:45)&#xA;com.quorum.gauge.services.UtilService.getCurrentBlockNumberFrom(UtilService.java:42)&#xA;com.quorum.gauge.services.UtilService.getCurrentBlockNumber(UtilService.java:38)&#xA;com.quorum.gauge.core.ExecutionHooks.saveCurrentBlockNumber(ExecutionHooks.java:53)&#xA;jdk.internal.reflect.GeneratedMethodAccessor31.invoke(Unknown Source)&#xA;java.base/jdk.internal.reflect.DelegatingMethodAccessorImpl.invoke(DelegatingMethodAccessorImpl.java:43)&#xA;java.base/java.lang.reflect.Method.invoke(Method.java:566)&#xA;com.thoughtworks.gauge.execution.MethodExecutor.execute(MethodExecutor.java:38)&#xA;com.thoughtworks.gauge.execution.HooksExecutor$TaggedHookExecutor.executeHook(HooksExecutor.java:100)&#xA;com.thoughtworks.gauge.execution.HooksExecutor$TaggedHookExecutor.execute(HooksExecutor.java:88)&#xA;com.thoughtworks.gauge.execution.HooksExecutor.execute(HooksExecutor.java:45)&#xA;com.thoughtworks.gauge.processor.MethodExecutionMessageProcessor.executeHooks(MethodExecutionMessageProcessor.java:65)&#xA;com.thoughtworks.gauge.processor.ScenarioExecutionStartingProcessor.process(ScenarioExecutionStartingProcessor.java:34)&#xA;com.thoughtworks.gauge.connection.MessageDispatcher.dispatchMessages(MessageDispatcher.java:83)&#xA;com.thoughtworks.gauge.GaugeRuntime.dispatchMessages(GaugeRuntime.java:124)&#xA;com.thoughtworks.gauge.GaugeRuntime.lambda$connectSynchronously$1(GaugeRuntime.java:106)&#xA;java.base/java.lang.Thread.run(Thread.java:834)&#xA;</failure>
		</testcase>
		<testcase classname="Gas usage for private contracts on participant and non-participant nodes" name="Private contract with sufficient gas should be accepted." time="0.000">
			<failure message="Private contract with sufficient gas should be accepted.&#xA;Scenario Pre Hook Failure: &#39;java.lang.IllegalArgumentException: Can&#39;t find node Node1 in the configuration&#39;" type="Private contract with sufficient gas should be accepted.&#xA;Scenario Pre Hook Failure: &#39;java.lang.IllegalArgumentException: Can&#39;t find node Node1 in the configuration&#39;">com.quorum.gauge.services.QuorumNodeConnectionFactory.getWeb3jService(QuorumNodeConnectionFactory.java:51)&#xA;com.quorum.gauge.services.QuorumNodeConnectionFactory.getWeb3jConnection(QuorumNodeConnectionFactory.java:45)&#xA;com.quorum.gauge.services.UtilService.getCurrentBlockNumberFrom(UtilService.java:42)&#xA;com.quorum.gauge.services.UtilService.getCurrentBlockNumber(UtilService.java:38)&#xA;com.quorum.gauge.core.ExecutionHooks.saveCurrentBlockNumber(ExecutionHooks.java:53)&#xA;jdk.internal.reflect.GeneratedMethodAccessor31.invoke(Unknown Source)&#xA;java.base/jdk.internal.reflect.DelegatingMethodAccessorImpl.invoke(DelegatingMethodAccessorImpl.java:43)&#xA;java.base/java.lang.reflect.Method.invoke(Method.java:566)&#xA;com.thoughtworks.gauge.execution.MethodExecutor.execute(MethodExecutor.java:38)&#xA;com.thoughtworks.gauge.execution.HooksExecutor$TaggedHookExecutor.executeHook(HooksExecutor.java:100)&#xA;com.thoughtworks.gauge.execution.HooksExecutor$TaggedHookExecutor.execute(HooksExecutor.java:88)&#xA;com.thoughtworks.gauge.execution.HooksExecutor.execute(HooksExecutor.java:45)&#xA;com.thoughtworks.gauge.processor.MethodExecutionMessageProcessor.executeHooks(MethodExecutionMessageProcessor.java:65)&#xA;com.thoughtworks.gauge.processor.ScenarioExecutionStartingProcessor.process(ScenarioExecutionStartingProcessor.java:34)&#xA;com.thoughtworks.gauge.connection.MessageDispatcher.dispatchMessages(MessageDispatcher.java:83)&#xA;com.thoughtworks.gauge.GaugeRuntime.dispatchMessages(GaugeRuntime.java:124)&#xA;com.thoughtworks.gauge.GaugeRuntime.lambda$connectSynchronously$1(GaugeRuntime.java:106)&#xA;java.base/java.lang.Thread.run(Thread.java:834)&#xA;</failure>
		</testcase>
		<system-out></system-out>
		<system-err></system-err>
	</testsuite>
	<testsuite id="19" tests="2" failures="2" package="/home/travis/build/jpmorganchase/quorum-acceptance-tests/src/specs/01_basic/value_transfer_public_transactions.spec" time="0.000" timestamp="2020-02-16T19:41:03" name="Value transfer in public transactions" errors="0" hostname="travis-job-79c52366-f7a1-4c21-8d26-1087ff0a07f7">
		<properties></properties>
		<testcase classname="Value transfer in public transactions" name="Successful public transaction submission" time="0.000">
			<failure message="Successful public transaction submission&#xA;Scenario Pre Hook Failure: &#39;java.lang.IllegalArgumentException: Can&#39;t find node Node1 in the configuration&#39;" type="Successful public transaction submission&#xA;Scenario Pre Hook Failure: &#39;java.lang.IllegalArgumentException: Can&#39;t find node Node1 in the configuration&#39;">com.quorum.gauge.services.QuorumNodeConnectionFactory.getWeb3jService(QuorumNodeConnectionFactory.java:51)&#xA;com.quorum.gauge.services.QuorumNodeConnectionFactory.getWeb3jConnection(QuorumNodeConnectionFactory.java:45)&#xA;com.quorum.gauge.services.UtilService.getCurrentBlockNumberFrom(UtilService.java:42)&#xA;com.quorum.gauge.services.UtilService.getCurrentBlockNumber(UtilService.java:38)&#xA;com.quorum.gauge.core.ExecutionHooks.saveCurrentBlockNumber(ExecutionHooks.java:53)&#xA;jdk.internal.reflect.GeneratedMethodAccessor31.invoke(Unknown Source)&#xA;java.base/jdk.internal.reflect.DelegatingMethodAccessorImpl.invoke(DelegatingMethodAccessorImpl.java:43)&#xA;java.base/java.lang.reflect.Method.invoke(Method.java:566)&#xA;com.thoughtworks.gauge.execution.MethodExecutor.execute(MethodExecutor.java:38)&#xA;com.thoughtworks.gauge.execution.HooksExecutor$TaggedHookExecutor.executeHook(HooksExecutor.java:100)&#xA;com.thoughtworks.gauge.execution.HooksExecutor$TaggedHookExecutor.execute(HooksExecutor.java:88)&#xA;com.thoughtworks.gauge.execution.HooksExecutor.execute(HooksExecutor.java:45)&#xA;com.thoughtworks.gauge.processor.MethodExecutionMessageProcessor.executeHooks(MethodExecutionMessageProcessor.java:65)&#xA;com.thoughtworks.gauge.processor.ScenarioExecutionStartingProcessor.process(ScenarioExecutionStartingProcessor.java:34)&#xA;com.thoughtworks.gauge.connection.MessageDispatcher.dispatchMessages(MessageDispatcher.java:83)&#xA;com.thoughtworks.gauge.GaugeRuntime.dispatchMessages(GaugeRuntime.java:124)&#xA;com.thoughtworks.gauge.GaugeRuntime.lambda$connectSynchronously$1(GaugeRuntime.java:106)&#xA;java.base/java.lang.Thread.run(Thread.java:834)&#xA;</failure>
		</testcase>
		<testcase classname="Value transfer in public transactions" name="Successful signed public transaction submission" time="0.000">
			<failure message="Successful signed public transaction submission&#xA;Scenario Pre Hook Failure: &#39;java.lang.IllegalArgumentException: Can&#39;t find node Node1 in the configuration&#39;" type="Successful signed public transaction submission&#xA;Scenario Pre Hook Failure: &#39;java.lang.IllegalArgumentException: Can&#39;t find node Node1 in the configuration&#39;">com.quorum.gauge.services.QuorumNodeConnectionFactory.getWeb3jService(QuorumNodeConnectionFactory.java:51)&#xA;com.quorum.gauge.services.QuorumNodeConnectionFactory.getWeb3jConnection(QuorumNodeConnectionFactory.java:45)&#xA;com.quorum.gauge.services.UtilService.getCurrentBlockNumberFrom(UtilService.java:42)&#xA;com.quorum.gauge.services.UtilService.getCurrentBlockNumber(UtilService.java:38)&#xA;com.quorum.gauge.core.ExecutionHooks.saveCurrentBlockNumber(ExecutionHooks.java:53)&#xA;jdk.internal.reflect.GeneratedMethodAccessor31.invoke(Unknown Source)&#xA;java.base/jdk.internal.reflect.DelegatingMethodAccessorImpl.invoke(DelegatingMethodAccessorImpl.java:43)&#xA;java.base/java.lang.reflect.Method.invoke(Method.java:566)&#xA;com.thoughtworks.gauge.execution.MethodExecutor.execute(MethodExecutor.java:38)&#xA;com.thoughtworks.gauge.execution.HooksExecutor$TaggedHookExecutor.executeHook(HooksExecutor.java:100)&#xA;com.thoughtworks.gauge.execution.HooksExecutor$TaggedHookExecutor.execute(HooksExecutor.java:88)&#xA;com.thoughtworks.gauge.execution.HooksExecutor.execute(HooksExecutor.java:45)&#xA;com.thoughtworks.gauge.processor.MethodExecutionMessageProcessor.executeHooks(MethodExecutionMessageProcessor.java:65)&#xA;com.thoughtworks.gauge.processor.ScenarioExecutionStartingProcessor.process(ScenarioExecutionStartingProcessor.java:34)&#xA;com.thoughtworks.gauge.connection.MessageDispatcher.dispatchMessages(MessageDispatcher.java:83)&#xA;com.thoughtworks.gauge.GaugeRuntime.dispatchMessages(GaugeRuntime.java:124)&#xA;com.thoughtworks.gauge.GaugeRuntime.lambda$connectSynchronously$1(GaugeRuntime.java:106)&#xA;java.base/java.lang.Thread.run(Thread.java:834)&#xA;</failure>
		</testcase>
		<system-out></system-out>
		<system-err></system-err>
	</testsuite>
</testsuites>