<?xml version="1.0" ?>
<coverage version="6.3.3" timestamp="1652444582213" lines-valid="363" lines-covered="101" line-rate="0.2782" branches-valid="153" branches-covered="16" branch-rate="0.1046" complexity="0">
	<!-- Generated by coverage.py: https://coverage.readthedocs.io -->
	<!-- Based on https://raw.githubusercontent.com/cobertura/web/master/htdocs/xml/coverage-04.dtd -->
	<sources>
		<source>/home/me/dev/fusion_jpmc_clean/fusion</source>
	</sources>
	<packages>
		<package name="." line-rate="0.2782" branch-rate="0.1046" complexity="0">
			<classes>
				<class name="__init__.py" filename="__init__.py" complexity="0" line-rate="1" branch-rate="1">
					<methods/>
					<lines>
						<line number="3" hits="1"/>
						<line number="4" hits="1"/>
						<line number="5" hits="1"/>
						<line number="7" hits="1"/>
					</lines>
				</class>
				<class name="fusion.py" filename="fusion.py" complexity="0" line-rate="0.2702" branch-rate="0.1046">
					<methods/>
					<lines>
						<line number="3" hits="1"/>
						<line number="4" hits="1"/>
						<line number="5" hits="1"/>
						<line number="6" hits="1"/>
						<line number="7" hits="1"/>
						<line number="8" hits="1"/>
						<line number="9" hits="1"/>
						<line number="10" hits="1"/>
						<line number="11" hits="1"/>
						<line number="13" hits="1"/>
						<line number="14" hits="1"/>
						<line number="15" hits="1"/>
						<line number="16" hits="1"/>
						<line number="17" hits="1"/>
						<line number="18" hits="1"/>
						<line number="19" hits="1"/>
						<line number="21" hits="1"/>
						<line number="22" hits="1"/>
						<line number="23" hits="1"/>
						<line number="24" hits="1"/>
						<line number="25" hits="1"/>
						<line number="26" hits="1"/>
						<line number="27" hits="1"/>
						<line number="28" hits="1"/>
						<line number="30" hits="1"/>
						<line number="31" hits="1"/>
						<line number="34" hits="1" branch="true" condition-coverage="100% (2/2)"/>
						<line number="41" hits="1"/>
						<line number="44" hits="1" branch="true" condition-coverage="100% (2/2)"/>
						<line number="51" hits="1"/>
						<line number="54" hits="1" branch="true" condition-coverage="100% (2/2)"/>
						<line number="61" hits="1"/>
						<line number="64" hits="1" branch="true" condition-coverage="100% (2/2)"/>
						<line number="71" hits="1"/>
						<line number="74" hits="1" branch="true" condition-coverage="100% (2/2)"/>
						<line number="81" hits="1"/>
						<line number="84" hits="1"/>
						<line number="94" hits="1"/>
						<line number="97" hits="1"/>
						<line number="106" hits="1"/>
						<line number="107" hits="1"/>
						<line number="108" hits="1"/>
						<line number="109" hits="1"/>
						<line number="110" hits="0"/>
						<line number="113" hits="1"/>
						<line number="122" hits="0" branch="true" condition-coverage="0% (0/2)" missing-branches="123,125"/>
						<line number="123" hits="0"/>
						<line number="125" hits="0" branch="true" condition-coverage="0% (0/2)" missing-branches="126,128"/>
						<line number="126" hits="0"/>
						<line number="128" hits="0"/>
						<line number="130" hits="0" branch="true" condition-coverage="0% (0/2)" missing-branches="131,133"/>
						<line number="131" hits="0"/>
						<line number="133" hits="0"/>
						<line number="136" hits="1"/>
						<line number="145" hits="0"/>
						<line number="147" hits="0" branch="true" condition-coverage="0% (0/2)" missing-branches="148,150"/>
						<line number="148" hits="0"/>
						<line number="150" hits="0" branch="true" condition-coverage="0% (0/2)" missing-branches="exit,exit"/>
						<line number="153" hits="1"/>
						<line number="168" hits="0" branch="true" condition-coverage="0% (0/2)" missing-branches="169,170"/>
						<line number="169" hits="0"/>
						<line number="170" hits="0"/>
						<line number="171" hits="0"/>
						<line number="174" hits="1"/>
						<line number="183" hits="0"/>
						<line number="184" hits="0"/>
						<line number="185" hits="0"/>
						<line number="188" hits="1"/>
						<line number="203" hits="0" branch="true" condition-coverage="0% (0/2)" missing-branches="204,206"/>
						<line number="204" hits="0"/>
						<line number="206" hits="0"/>
						<line number="209" hits="1" branch="true" condition-coverage="100% (2/2)"/>
						<line number="212" hits="1"/>
						<line number="229" hits="1"/>
						<line number="230" hits="1"/>
						<line number="231" hits="1"/>
						<line number="232" hits="1"/>
						<line number="233" hits="1"/>
						<line number="235" hits="1"/>
						<line number="236" hits="1"/>
						<line number="263" hits="0" branch="true" condition-coverage="0% (0/2)" missing-branches="264,265"/>
						<line number="264" hits="0"/>
						<line number="265" hits="0" branch="true" condition-coverage="0% (0/2)" missing-branches="266,267"/>
						<line number="266" hits="0"/>
						<line number="267" hits="0" branch="true" condition-coverage="0% (0/2)" missing-branches="268,269"/>
						<line number="268" hits="0"/>
						<line number="269" hits="0" branch="true" condition-coverage="0% (0/2)" missing-branches="270,272"/>
						<line number="270" hits="0"/>
						<line number="272" hits="0"/>
						<line number="276" hits="0" branch="true" condition-coverage="0% (0/2)" missing-branches="277,279"/>
						<line number="277" hits="0"/>
						<line number="278" hits="0"/>
						<line number="279" hits="0"/>
						<line number="281" hits="0" branch="true" condition-coverage="0% (0/2)" missing-branches="282,284"/>
						<line number="282" hits="0"/>
						<line number="284" hits="0"/>
						<line number="285" hits="0"/>
						<line number="287" hits="1"/>
						<line number="288" hits="1"/>
						<line number="298" hits="1"/>
						<line number="299" hits="1"/>
						<line number="300" hits="1"/>
						<line number="301" hits="1"/>
						<line number="302" hits="1"/>
						<line number="303" hits="1"/>
						<line number="304" hits="1"/>
						<line number="306" hits="1"/>
						<line number="307" hits="1"/>
						<line number="317" hits="0" branch="true" condition-coverage="0% (0/2)" missing-branches="exit,318"/>
						<line number="318" hits="0"/>
						<line number="319" hits="0"/>
						<line number="320" hits="0"/>
						<line number="322" hits="1"/>
						<line number="323" hits="1"/>
						<line number="335" hits="0" branch="true" condition-coverage="0% (0/2)" missing-branches="336,337"/>
						<line number="336" hits="0"/>
						<line number="337" hits="0" branch="true" condition-coverage="0% (0/2)" missing-branches="338,343"/>
						<line number="338" hits="0" branch="true" condition-coverage="0% (0/2)" missing-branches="339,341"/>
						<line number="339" hits="0"/>
						<line number="341" hits="0"/>
						<line number="343" hits="0"/>
						<line number="346" hits="1" branch="true" condition-coverage="100% (2/2)"/>
						<line number="349" hits="1"/>
						<line number="371" hits="0"/>
						<line number="373" hits="0" branch="true" condition-coverage="0% (0/2)" missing-branches="374,376"/>
						<line number="374" hits="0"/>
						<line number="376" hits="0"/>
						<line number="378" hits="0" branch="true" condition-coverage="0% (0/2)" missing-branches="379,381"/>
						<line number="379" hits="0"/>
						<line number="381" hits="0"/>
						<line number="383" hits="0"/>
						<line number="384" hits="0"/>
						<line number="385" hits="0"/>
						<line number="387" hits="0" branch="true" condition-coverage="0% (0/2)" missing-branches="388,390"/>
						<line number="388" hits="0"/>
						<line number="390" hits="0"/>
						<line number="392" hits="1"/>
						<line number="402" hits="0"/>
						<line number="403" hits="0"/>
						<line number="410" hits="0"/>
						<line number="411" hits="0"/>
						<line number="412" hits="0"/>
						<line number="413" hits="0"/>
						<line number="414" hits="0"/>
						<line number="415" hits="0"/>
						<line number="416" hits="0"/>
						<line number="417" hits="0"/>
						<line number="418" hits="0"/>
						<line number="419" hits="0"/>
						<line number="421" hits="0"/>
						<line number="422" hits="0" branch="true" condition-coverage="0% (0/2)" missing-branches="423,432"/>
						<line number="423" hits="0"/>
						<line number="424" hits="0"/>
						<line number="425" hits="0"/>
						<line number="426" hits="0"/>
						<line number="427" hits="0"/>
						<line number="432" hits="0"/>
						<line number="433" hits="0"/>
						<line number="434" hits="0"/>
						<line number="437" hits="1"/>
						<line number="447" hits="1"/>
						<line number="448" hits="1"/>
						<line number="449" hits="1"/>
						<line number="452" hits="1"/>
						<line number="465" hits="0" branch="true" condition-coverage="0% (0/2)" missing-branches="466,468"/>
						<line number="466" hits="0"/>
						<line number="468" hits="0"/>
						<line number="469" hits="0"/>
						<line number="470" hits="0"/>
						<line number="471" hits="0" branch="true" condition-coverage="0% (0/2)" missing-branches="473,474"/>
						<line number="473" hits="0"/>
						<line number="474" hits="0"/>
						<line number="475" hits="0"/>
						<line number="476" hits="0"/>
						<line number="477" hits="0"/>
						<line number="478" hits="0"/>
						<line number="479" hits="0"/>
						<line number="482" hits="1"/>
						<line number="494" hits="0"/>
						<line number="495" hits="0"/>
						<line number="496" hits="0"/>
						<line number="497" hits="0"/>
						<line number="498" hits="0"/>
						<line number="499" hits="0"/>
						<line number="502" hits="1"/>
						<line number="525" hits="0" branch="true" condition-coverage="0% (0/2)" missing-branches="526,528"/>
						<line number="526" hits="0"/>
						<line number="528" hits="0"/>
						<line number="529" hits="0" branch="true" condition-coverage="0% (0/2)" missing-branches="530,532"/>
						<line number="530" hits="0"/>
						<line number="532" hits="0"/>
						<line number="533" hits="0"/>
						<line number="534" hits="0" branch="true" condition-coverage="0% (0/2)" missing-branches="535,541"/>
						<line number="535" hits="0"/>
						<line number="536" hits="0"/>
						<line number="537" hits="0" branch="true" condition-coverage="0% (0/2)" missing-branches="534,538"/>
						<line number="538" hits="0" branch="true" condition-coverage="0% (0/2)" missing-branches="537,539"/>
						<line number="539" hits="0"/>
						<line number="540" hits="0"/>
						<line number="541" hits="0"/>
						<line number="542" hits="0"/>
						<line number="543" hits="0"/>
						<line number="547" hits="0"/>
						<line number="548" hits="0"/>
						<line number="549" hits="0"/>
						<line number="553" hits="0"/>
						<line number="556" hits="1"/>
						<line number="566" hits="0"/>
						<line number="567" hits="0"/>
						<line number="568" hits="0" branch="true" condition-coverage="0% (0/2)" missing-branches="569,573"/>
						<line number="569" hits="0"/>
						<line number="570" hits="0" branch="true" condition-coverage="0% (0/2)" missing-branches="568,571"/>
						<line number="571" hits="0" branch="true" condition-coverage="0% (0/2)" missing-branches="570,572"/>
						<line number="572" hits="0"/>
						<line number="573" hits="0"/>
						<line number="574" hits="0"/>
						<line number="577" hits="1" branch="true" condition-coverage="100% (2/2)"/>
						<line number="580" hits="1"/>
						<line number="581" hits="1"/>
						<line number="591" hits="0"/>
						<line number="592" hits="0"/>
						<line number="593" hits="0"/>
						<line number="594" hits="0"/>
						<line number="595" hits="0"/>
						<line number="597" hits="1"/>
						<line number="616" hits="0"/>
						<line number="617" hits="0"/>
						<line number="618" hits="0"/>
						<line number="620" hits="0" branch="true" condition-coverage="0% (0/2)" missing-branches="621,622"/>
						<line number="621" hits="0"/>
						<line number="622" hits="0"/>
						<line number="623" hits="0"/>
						<line number="624" hits="0"/>
						<line number="625" hits="0"/>
						<line number="628" hits="0"/>
						<line number="629" hits="0"/>
						<line number="630" hits="0"/>
						<line number="631" hits="0"/>
						<line number="633" hits="0" branch="true" condition-coverage="0% (0/2)" missing-branches="634,636"/>
						<line number="634" hits="0"/>
						<line number="636" hits="0"/>
						<line number="638" hits="0"/>
						<line number="640" hits="1"/>
						<line number="649" hits="0"/>
						<line number="650" hits="0"/>
						<line number="652" hits="0" branch="true" condition-coverage="0% (0/2)" missing-branches="653,655"/>
						<line number="653" hits="0"/>
						<line number="655" hits="0"/>
						<line number="657" hits="1"/>
						<line number="667" hits="0"/>
						<line number="668" hits="0"/>
						<line number="670" hits="0" branch="true" condition-coverage="0% (0/2)" missing-branches="671,673"/>
						<line number="671" hits="0"/>
						<line number="673" hits="0"/>
						<line number="675" hits="1"/>
						<line number="699" hits="0"/>
						<line number="700" hits="0"/>
						<line number="702" hits="0" branch="true" condition-coverage="0% (0/2)" missing-branches="703,713"/>
						<line number="703" hits="0" branch="true" condition-coverage="0% (0/2)" missing-branches="704,705"/>
						<line number="704" hits="0" branch="true" condition-coverage="0% (0/2)" missing-branches="exit,705"/>
						<line number="705" hits="0" branch="true" condition-coverage="0% (0/2)" missing-branches="706,708"/>
						<line number="706" hits="0"/>
						<line number="708" hits="0"/>
						<line number="713" hits="0" branch="true" condition-coverage="0% (0/2)" missing-branches="714,716"/>
						<line number="714" hits="0"/>
						<line number="716" hits="0" branch="true" condition-coverage="0% (0/2)" missing-branches="717,719"/>
						<line number="717" hits="0"/>
						<line number="719" hits="0"/>
						<line number="721" hits="1"/>
						<line number="745" hits="0"/>
						<line number="746" hits="0"/>
						<line number="748" hits="0" branch="true" condition-coverage="0% (0/2)" missing-branches="749,759"/>
						<line number="749" hits="0" branch="true" condition-coverage="0% (0/2)" missing-branches="750,751"/>
						<line number="750" hits="0" branch="true" condition-coverage="0% (0/2)" missing-branches="exit,751"/>
						<line number="751" hits="0" branch="true" condition-coverage="0% (0/2)" missing-branches="752,754"/>
						<line number="752" hits="0"/>
						<line number="754" hits="0"/>
						<line number="759" hits="0" branch="true" condition-coverage="0% (0/2)" missing-branches="760,762"/>
						<line number="760" hits="0"/>
						<line number="762" hits="0" branch="true" condition-coverage="0% (0/2)" missing-branches="763,765"/>
						<line number="763" hits="0"/>
						<line number="765" hits="0"/>
						<line number="767" hits="1"/>
						<line number="778" hits="0"/>
						<line number="779" hits="0"/>
						<line number="781" hits="0" branch="true" condition-coverage="0% (0/2)" missing-branches="782,784"/>
						<line number="782" hits="0"/>
						<line number="784" hits="0"/>
						<line number="786" hits="1"/>
						<line number="797" hits="0"/>
						<line number="798" hits="0"/>
						<line number="800" hits="0" branch="true" condition-coverage="0% (0/2)" missing-branches="801,803"/>
						<line number="801" hits="0"/>
						<line number="803" hits="0"/>
						<line number="805" hits="1"/>
						<line number="820" hits="0"/>
						<line number="821" hits="0"/>
						<line number="823" hits="0" branch="true" condition-coverage="0% (0/2)" missing-branches="824,826"/>
						<line number="824" hits="0"/>
						<line number="826" hits="0" branch="true" condition-coverage="0% (0/2)" missing-branches="827,829"/>
						<line number="827" hits="0"/>
						<line number="829" hits="0"/>
						<line number="831" hits="1"/>
						<line number="846" hits="0"/>
						<line number="847" hits="0"/>
						<line number="849" hits="0" branch="true" condition-coverage="0% (0/2)" missing-branches="850,852"/>
						<line number="850" hits="0"/>
						<line number="852" hits="0"/>
						<line number="854" hits="1"/>
						<line number="868" hits="0"/>
						<line number="869" hits="0"/>
						<line number="871" hits="0" branch="true" condition-coverage="0% (0/2)" missing-branches="872,874"/>
						<line number="872" hits="0"/>
						<line number="874" hits="0"/>
						<line number="876" hits="1"/>
						<line number="896" hits="0"/>
						<line number="898" hits="0" branch="true" condition-coverage="0% (0/2)" missing-branches="899,901"/>
						<line number="899" hits="0"/>
						<line number="901" hits="0"/>
						<line number="902" hits="0" branch="true" condition-coverage="0% (0/2)" missing-branches="903,905"/>
						<line number="903" hits="0"/>
						<line number="905" hits="0" branch="true" condition-coverage="0% (0/2)" missing-branches="906,908"/>
						<line number="906" hits="0"/>
						<line number="908" hits="0" branch="true" condition-coverage="0% (0/2)" missing-branches="909,911"/>
						<line number="909" hits="0"/>
						<line number="911" hits="0"/>
						<line number="912" hits="0" branch="true" condition-coverage="0% (0/2)" missing-branches="exit,914"/>
						<line number="914" hits="0"/>
						<line number="916" hits="1"/>
						<line number="947" hits="0"/>
						<line number="949" hits="0" branch="true" condition-coverage="0% (0/2)" missing-branches="950,951"/>
						<line number="950" hits="0"/>
						<line number="951" hits="0"/>
						<line number="953" hits="0" branch="true" condition-coverage="0% (0/2)" missing-branches="exit,963"/>
						<line number="963" hits="0" branch="true" condition-coverage="0% (0/2)" missing-branches="964,966"/>
						<line number="964" hits="0"/>
						<line number="966" hits="0"/>
						<line number="967" hits="0"/>
						<line number="971" hits="0" branch="true" condition-coverage="0% (0/2)" missing-branches="exit,973"/>
						<line number="973" hits="0"/>
						<line number="975" hits="1"/>
						<line number="1010" hits="0" branch="true" condition-coverage="0% (0/2)" missing-branches="1011,1012"/>
						<line number="1011" hits="0"/>
						<line number="1012" hits="0"/>
						<line number="1016" hits="0" branch="true" condition-coverage="0% (0/3)" missing-branches="exit,1017,1023"/>
						<line number="1017" hits="0" branch="true" condition-coverage="0% (0/2)" missing-branches="exit,1018"/>
						<line number="1018" hits="0"/>
						<line number="1023" hits="0" branch="true" condition-coverage="0% (0/2)" missing-branches="exit,1025"/>
						<line number="1025" hits="0"/>
						<line number="1032" hits="0"/>
						<line number="1037" hits="0"/>
						<line number="1039" hits="0"/>
						<line number="1040" hits="0"/>
						<line number="1041" hits="0" branch="true" condition-coverage="0% (0/2)" missing-branches="1042,1044"/>
						<line number="1042" hits="0"/>
						<line number="1044" hits="0"/>
						<line number="1045" hits="0" branch="true" condition-coverage="0% (0/2)" missing-branches="exit,1046"/>
						<line number="1046" hits="0"/>
						<line number="1048" hits="0"/>
					</lines>
				</class>
			</classes>
		</package>
	</packages>
</coverage>
